<?xml version="1.0" encoding="UTF-8"?>
<!-- Generated by org.testng.reporters.JUnitXMLReporter -->
<testsuite ignored="1" hostname="DESKTOP-BN9CENM" failures="0" tests="13" name="A-max WebApp Test Cases" time="154.659" errors="0" timestamp="2021-06-22T12:50:25 CDT">
  <testcase classname="com.amaxweb.testcases.FindAnOfficePageTest" name="verifyFindAnOfficeTitleTest" time="0.94"/>
  <testcase classname="com.quote.amaxinsurance.testcases.GetQuoteDriversLicenseInputTest" name="getQuoteWithDriversLiceenseTest" time="34.15"/>
  <testcase classname="com.powerbi.amaxinsurance.testcases.MaxBiUpAndRunningTest" name="verifyLogInTest" time="15.622"/>
  <testcase classname="com.audit.amaxinsurance.testcases.UnderwritinPortalLogInTest" name="checkUnderWritingPageTitleTest" time="0.005"/>
  <testcase classname="com.audit.amaxinsurance.testcases.UnderwritinPortalLogInTest" name="loginUnderWritingPortalTest" time="4.019"/>
  <testcase classname="com.licensing.amaxinsurance.testcases.VerifyLoginsTests" name="loginAgentTest" time="4.122"/>
  <testcase classname="com.licensing.amaxinsurance.testcases.VerifyLoginsTests" name="loginHRTest" time="4.388"/>
  <testcase classname="com.licensing.amaxinsurance.testcases.VerifyLoginsTests" name="loginLDTest" time="4.407"/>
  <testcase classname="com.licensing.amaxinsurance.testcases.VerifyLoginsTests" name="loginSystemAdminTest" time="4.267"/>
  <testcase classname="com.quote.amaxinsurance.testcases.GetQuoteManuallyTest" name="getQuoteManuallyTest" time="31.637"/>
  <testcase classname="com.amaxweb.testcases.MakeAPaymentPageTest" name="verifyMakeAPaymentPageTitleTest" time="1.029"/>
  <testcase classname="com.amaxweb.testcases.MotorcycleQuotePageTest" name="verifyMotorcyclePageTitleTest" time="1.035"/>
  <testcase classname="com.amaxweb.testcases.ReferralPageTest" name="homePageTitleTest" time="1.517"/>
  <testcase classname="com.amaxweb.testcases.HomePageTest" name="homePageTitleTest" time="0.0">
    <ignored/>
  </testcase> <!-- homePageTitleTest -->
</testsuite> <!-- A-max WebApp Test Cases -->
