<?xml version="1.0" encoding="UTF-8"?>
<testsuite xmlns:xsi="http://www.w3.org/2001/XMLSchema-instance" xsi:noNamespaceSchemaLocation="https://maven.apache.org/surefire/maven-surefire-plugin/xsd/surefire-test-report.xsd" name="TestSuite" time="0.974" tests="105" errors="0" skipped="76" failures="29">
  <properties>
[...]
</properties>
  <testcase name="setUp" classname="com.amaxinc.web.budget.testcases.BudgetAndVarianceHomePageTest" time="0.613">
    <failure message="The driver executable does not exist: C:\browserdrivers\chromedriver.exe" type="java.lang.IllegalStateException">java.lang.IllegalStateException: The driver executable does not exist: C:\browserdrivers\chromedriver.exe
	at com.amaxinc.web.budget.testcases.BudgetAndVarianceHomePageTest.setUp(BudgetAndVarianceHomePageTest.java:21)
</failure>
    <system-err><![CDATA[java.io.FileNotFoundException: C:\Users\MDinc\pullreq\AmaxAllWebApps\src\main\java\com\amaxweb\config\config.properties (The system cannot find the path specified)
	at java.base/java.io.FileInputStream.open0(Native Method)
	at java.base/java.io.FileInputStream.open(FileInputStream.java:219)
	at java.base/java.io.FileInputStream.<init>(FileInputStream.java:157)
	at java.base/java.io.FileInputStream.<init>(FileInputStream.java:112)
	at com.amaxweb.base.TestBase.<init>(TestBase.java:31)
	at com.amaxinsurance.testcases.aboutamax.CareersPageTitleTest.<init>(CareersPageTitleTest.java:16)
	at java.base/jdk.internal.reflect.NativeConstructorAccessorImpl.newInstance0(Native Method)
	at java.base/jdk.internal.reflect.NativeConstructorAccessorImpl.newInstance(NativeConstructorAccessorImpl.java:62)
	at java.base/jdk.internal.reflect.DelegatingConstructorAccessorImpl.newInstance(DelegatingConstructorAccessorImpl.java:45)
	at java.base/java.lang.reflect.Constructor.newInstance(Constructor.java:490)
	at org.testng.internal.ObjectFactoryImpl.newInstance(ObjectFactoryImpl.java:23)
	at org.testng.internal.InstanceCreator.instantiateUsingDefaultConstructor(InstanceCreator.java:193)
	at org.testng.internal.InstanceCreator.createInstanceUsingObjectFactory(InstanceCreator.java:113)
	at org.testng.internal.InstanceCreator.createInstance(InstanceCreator.java:79)
	at org.testng.internal.objects.SimpleObjectDispenser.dispense(SimpleObjectDispenser.java:25)
	at org.testng.internal.objects.GuiceBasedObjectDispenser.dispense(GuiceBasedObjectDispenser.java:30)
	at org.testng.internal.ClassImpl.getDefaultInstance(ClassImpl.java:112)
	at org.testng.internal.ClassImpl.getInstances(ClassImpl.java:165)
	at org.testng.TestClass.getInstances(TestClass.java:122)
	at org.testng.TestClass.initTestClassesAndInstances(TestClass.java:102)
	at org.testng.TestClass.init(TestClass.java:94)
	at org.testng.TestClass.<init>(TestClass.java:59)
	at org.testng.TestRunner.initMethods(TestRunner.java:463)
	at org.testng.TestRunner.init(TestRunner.java:339)
	at org.testng.TestRunner.init(TestRunner.java:292)
	at org.testng.TestRunner.<init>(TestRunner.java:183)
	at org.testng.SuiteRunner$DefaultTestRunnerFactory.newTestRunner(SuiteRunner.java:596)
	at org.testng.SuiteRunner.init(SuiteRunner.java:173)
	at org.testng.SuiteRunner.<init>(SuiteRunner.java:107)
	at org.testng.TestNG.createSuiteRunner(TestNG.java:1300)
	at org.testng.TestNG.createSuiteRunners(TestNG.java:1276)
	at org.testng.TestNG.runSuitesLocally(TestNG.java:1125)
	at org.testng.TestNG.runSuites(TestNG.java:1063)
	at org.testng.TestNG.run(TestNG.java:1031)
	at org.apache.maven.surefire.testng.TestNGExecutor.run(TestNGExecutor.java:135)
	at org.apache.maven.surefire.testng.TestNGDirectoryTestSuite.executeMulti(TestNGDirectoryTestSuite.java:193)
	at org.apache.maven.surefire.testng.TestNGDirectoryTestSuite.execute(TestNGDirectoryTestSuite.java:94)
	at org.apache.maven.surefire.testng.TestNGProvider.invoke(TestNGProvider.java:146)
	at org.apache.maven.surefire.booter.ForkedBooter.invokeProviderInSameClassLoader(ForkedBooter.java:384)
	at org.apache.maven.surefire.booter.ForkedBooter.runSuitesInProcess(ForkedBooter.java:345)
	at org.apache.maven.surefire.booter.ForkedBooter.execute(ForkedBooter.java:126)
	at org.apache.maven.surefire.booter.ForkedBooter.main(ForkedBooter.java:418)
java.io.FileNotFoundException: C:\Users\MDinc\pullreq\AmaxAllWebApps\src\main\java\com\amaxweb\config\config.properties (The system cannot find the path specified)
	at java.base/java.io.FileInputStream.open0(Native Method)
	at java.base/java.io.FileInputStream.open(FileInputStream.java:219)
	at java.base/java.io.FileInputStream.<init>(FileInputStream.java:157)
	at java.base/java.io.FileInputStream.<init>(FileInputStream.java:112)
	at com.amaxweb.base.TestBase.<init>(TestBase.java:31)
	at com.amaxinsurance.testcases.aboutamax.FAQsPageTitleTest.<init>(FAQsPageTitleTest.java:17)
	at java.base/jdk.internal.reflect.NativeConstructorAccessorImpl.newInstance0(Native Method)
	at java.base/jdk.internal.reflect.NativeConstructorAccessorImpl.newInstance(NativeConstructorAccessorImpl.java:62)
	at java.base/jdk.internal.reflect.DelegatingConstructorAccessorImpl.newInstance(DelegatingConstructorAccessorImpl.java:45)
	at java.base/java.lang.reflect.Constructor.newInstance(Constructor.java:490)
	at org.testng.internal.ObjectFactoryImpl.newInstance(ObjectFactoryImpl.java:23)
	at org.testng.internal.InstanceCreator.instantiateUsingDefaultConstructor(InstanceCreator.java:193)
	at org.testng.internal.InstanceCreator.createInstanceUsingObjectFactory(InstanceCreator.java:113)
	at org.testng.internal.InstanceCreator.createInstance(InstanceCreator.java:79)
	at org.testng.internal.objects.SimpleObjectDispenser.dispense(SimpleObjectDispenser.java:25)
	at org.testng.internal.objects.GuiceBasedObjectDispenser.dispense(GuiceBasedObjectDispenser.java:30)
	at org.testng.internal.ClassImpl.getDefaultInstance(ClassImpl.java:112)
	at org.testng.internal.ClassImpl.getInstances(ClassImpl.java:165)
	at org.testng.TestClass.getInstances(TestClass.java:122)
	at org.testng.TestClass.initTestClassesAndInstances(TestClass.java:102)
	at org.testng.TestClass.init(TestClass.java:94)
	at org.testng.TestClass.<init>(TestClass.java:59)
	at org.testng.TestRunner.initMethods(TestRunner.java:463)
	at org.testng.TestRunner.init(TestRunner.java:339)
	at org.testng.TestRunner.init(TestRunner.java:292)
	at org.testng.TestRunner.<init>(TestRunner.java:183)
	at org.testng.SuiteRunner$DefaultTestRunnerFactory.newTestRunner(SuiteRunner.java:596)
	at org.testng.SuiteRunner.init(SuiteRunner.java:173)
	at org.testng.SuiteRunner.<init>(SuiteRunner.java:107)
	at org.testng.TestNG.createSuiteRunner(TestNG.java:1300)
	at org.testng.TestNG.createSuiteRunners(TestNG.java:1276)
	at org.testng.TestNG.runSuitesLocally(TestNG.java:1125)
	at org.testng.TestNG.runSuites(TestNG.java:1063)
	at org.testng.TestNG.run(TestNG.java:1031)
	at org.apache.maven.surefire.testng.TestNGExecutor.run(TestNGExecutor.java:135)
	at org.apache.maven.surefire.testng.TestNGDirectoryTestSuite.executeMulti(TestNGDirectoryTestSuite.java:193)
	at org.apache.maven.surefire.testng.TestNGDirectoryTestSuite.execute(TestNGDirectoryTestSuite.java:94)
	at org.apache.maven.surefire.testng.TestNGProvider.invoke(TestNGProvider.java:146)
	at org.apache.maven.surefire.booter.ForkedBooter.invokeProviderInSameClassLoader(ForkedBooter.java:384)
	at org.apache.maven.surefire.booter.ForkedBooter.runSuitesInProcess(ForkedBooter.java:345)
	at org.apache.maven.surefire.booter.ForkedBooter.execute(ForkedBooter.java:126)
	at org.apache.maven.surefire.booter.ForkedBooter.main(ForkedBooter.java:418)
java.io.FileNotFoundException: C:\Users\MDinc\pullreq\AmaxAllWebApps\src\main\java\com\amaxweb\config\config.properties (The system cannot find the path specified)
	at java.base/java.io.FileInputStream.open0(Native Method)
	at java.base/java.io.FileInputStream.open(FileInputStream.java:219)
	at java.base/java.io.FileInputStream.<init>(FileInputStream.java:157)
	at java.base/java.io.FileInputStream.<init>(FileInputStream.java:112)
	at com.amaxweb.base.TestBase.<init>(TestBase.java:31)
	at com.amaxinsurance.testcases.aboutamax.NewsAndEventsPageTitleTest.<init>(NewsAndEventsPageTitleTest.java:16)
	at java.base/jdk.internal.reflect.NativeConstructorAccessorImpl.newInstance0(Native Method)
	at java.base/jdk.internal.reflect.NativeConstructorAccessorImpl.newInstance(NativeConstructorAccessorImpl.java:62)
	at java.base/jdk.internal.reflect.DelegatingConstructorAccessorImpl.newInstance(DelegatingConstructorAccessorImpl.java:45)
	at java.base/java.lang.reflect.Constructor.newInstance(Constructor.java:490)
	at org.testng.internal.ObjectFactoryImpl.newInstance(ObjectFactoryImpl.java:23)
	at org.testng.internal.InstanceCreator.instantiateUsingDefaultConstructor(InstanceCreator.java:193)
	at org.testng.internal.InstanceCreator.createInstanceUsingObjectFactory(InstanceCreator.java:113)
	at org.testng.internal.InstanceCreator.createInstance(InstanceCreator.java:79)
	at org.testng.internal.objects.SimpleObjectDispenser.dispense(SimpleObjectDispenser.java:25)
	at org.testng.internal.objects.GuiceBasedObjectDispenser.dispense(GuiceBasedObjectDispenser.java:30)
	at org.testng.internal.ClassImpl.getDefaultInstance(ClassImpl.java:112)
	at org.testng.internal.ClassImpl.getInstances(ClassImpl.java:165)
	at org.testng.TestClass.getInstances(TestClass.java:122)
	at org.testng.TestClass.initTestClassesAndInstances(TestClass.java:102)
	at org.testng.TestClass.init(TestClass.java:94)
	at org.testng.TestClass.<init>(TestClass.java:59)
	at org.testng.TestRunner.initMethods(TestRunner.java:463)
	at org.testng.TestRunner.init(TestRunner.java:339)
	at org.testng.TestRunner.init(TestRunner.java:292)
	at org.testng.TestRunner.<init>(TestRunner.java:183)
	at org.testng.SuiteRunner$DefaultTestRunnerFactory.newTestRunner(SuiteRunner.java:596)
	at org.testng.SuiteRunner.init(SuiteRunner.java:173)
	at org.testng.SuiteRunner.<init>(SuiteRunner.java:107)
	at org.testng.TestNG.createSuiteRunner(TestNG.java:1300)
	at org.testng.TestNG.createSuiteRunners(TestNG.java:1276)
	at org.testng.TestNG.runSuitesLocally(TestNG.java:1125)
	at org.testng.TestNG.runSuites(TestNG.java:1063)
	at org.testng.TestNG.run(TestNG.java:1031)
	at org.apache.maven.surefire.testng.TestNGExecutor.run(TestNGExecutor.java:135)
	at org.apache.maven.surefire.testng.TestNGDirectoryTestSuite.executeMulti(TestNGDirectoryTestSuite.java:193)
	at org.apache.maven.surefire.testng.TestNGDirectoryTestSuite.execute(TestNGDirectoryTestSuite.java:94)
	at org.apache.maven.surefire.testng.TestNGProvider.invoke(TestNGProvider.java:146)
	at org.apache.maven.surefire.booter.ForkedBooter.invokeProviderInSameClassLoader(ForkedBooter.java:384)
	at org.apache.maven.surefire.booter.ForkedBooter.runSuitesInProcess(ForkedBooter.java:345)
	at org.apache.maven.surefire.booter.ForkedBooter.execute(ForkedBooter.java:126)
	at org.apache.maven.surefire.booter.ForkedBooter.main(ForkedBooter.java:418)
java.io.FileNotFoundException: C:\Users\MDinc\pullreq\AmaxAllWebApps\src\main\java\com\amaxweb\config\config.properties (The system cannot find the path specified)
	at java.base/java.io.FileInputStream.open0(Native Method)
	at java.base/java.io.FileInputStream.open(FileInputStream.java:219)
	at java.base/java.io.FileInputStream.<init>(FileInputStream.java:157)
	at java.base/java.io.FileInputStream.<init>(FileInputStream.java:112)
	at com.amaxweb.base.TestBase.<init>(TestBase.java:31)
	at com.amaxinsurance.testcases.aboutamax.OurCompanyPageTitleTest.<init>(OurCompanyPageTitleTest.java:16)
	at java.base/jdk.internal.reflect.NativeConstructorAccessorImpl.newInstance0(Native Method)
	at java.base/jdk.internal.reflect.NativeConstructorAccessorImpl.newInstance(NativeConstructorAccessorImpl.java:62)
	at java.base/jdk.internal.reflect.DelegatingConstructorAccessorImpl.newInstance(DelegatingConstructorAccessorImpl.java:45)
	at java.base/java.lang.reflect.Constructor.newInstance(Constructor.java:490)
	at org.testng.internal.ObjectFactoryImpl.newInstance(ObjectFactoryImpl.java:23)
	at org.testng.internal.InstanceCreator.instantiateUsingDefaultConstructor(InstanceCreator.java:193)
	at org.testng.internal.InstanceCreator.createInstanceUsingObjectFactory(InstanceCreator.java:113)
	at org.testng.internal.InstanceCreator.createInstance(InstanceCreator.java:79)
	at org.testng.internal.objects.SimpleObjectDispenser.dispense(SimpleObjectDispenser.java:25)
	at org.testng.internal.objects.GuiceBasedObjectDispenser.dispense(GuiceBasedObjectDispenser.java:30)
	at org.testng.internal.ClassImpl.getDefaultInstance(ClassImpl.java:112)
	at org.testng.internal.ClassImpl.getInstances(ClassImpl.java:165)
	at org.testng.TestClass.getInstances(TestClass.java:122)
	at org.testng.TestClass.initTestClassesAndInstances(TestClass.java:102)
	at org.testng.TestClass.init(TestClass.java:94)
	at org.testng.TestClass.<init>(TestClass.java:59)
	at org.testng.TestRunner.initMethods(TestRunner.java:463)
	at org.testng.TestRunner.init(TestRunner.java:339)
	at org.testng.TestRunner.init(TestRunner.java:292)
	at org.testng.TestRunner.<init>(TestRunner.java:183)
	at org.testng.SuiteRunner$DefaultTestRunnerFactory.newTestRunner(SuiteRunner.java:596)
	at org.testng.SuiteRunner.init(SuiteRunner.java:173)
	at org.testng.SuiteRunner.<init>(SuiteRunner.java:107)
	at org.testng.TestNG.createSuiteRunner(TestNG.java:1300)
	at org.testng.TestNG.createSuiteRunners(TestNG.java:1276)
	at org.testng.TestNG.runSuitesLocally(TestNG.java:1125)
	at org.testng.TestNG.runSuites(TestNG.java:1063)
	at org.testng.TestNG.run(TestNG.java:1031)
	at org.apache.maven.surefire.testng.TestNGExecutor.run(TestNGExecutor.java:135)
	at org.apache.maven.surefire.testng.TestNGDirectoryTestSuite.executeMulti(TestNGDirectoryTestSuite.java:193)
	at org.apache.maven.surefire.testng.TestNGDirectoryTestSuite.execute(TestNGDirectoryTestSuite.java:94)
	at org.apache.maven.surefire.testng.TestNGProvider.invoke(TestNGProvider.java:146)
	at org.apache.maven.surefire.booter.ForkedBooter.invokeProviderInSameClassLoader(ForkedBooter.java:384)
	at org.apache.maven.surefire.booter.ForkedBooter.runSuitesInProcess(ForkedBooter.java:345)
	at org.apache.maven.surefire.booter.ForkedBooter.execute(ForkedBooter.java:126)
	at org.apache.maven.surefire.booter.ForkedBooter.main(ForkedBooter.java:418)
java.io.FileNotFoundException: C:\Users\MDinc\pullreq\AmaxAllWebApps\src\main\java\com\amaxweb\config\config.properties (The system cannot find the path specified)
	at java.base/java.io.FileInputStream.open0(Native Method)
	at java.base/java.io.FileInputStream.open(FileInputStream.java:219)
	at java.base/java.io.FileInputStream.<init>(FileInputStream.java:157)
	at java.base/java.io.FileInputStream.<init>(FileInputStream.java:112)
	at com.amaxweb.base.TestBase.<init>(TestBase.java:31)
	at com.amaxinsurance.testcases.BoatsAndWatercraftQuotePageTitleTest.<init>(BoatsAndWatercraftQuotePageTitleTest.java:16)
	at java.base/jdk.internal.reflect.NativeConstructorAccessorImpl.newInstance0(Native Method)
	at java.base/jdk.internal.reflect.NativeConstructorAccessorImpl.newInstance(NativeConstructorAccessorImpl.java:62)
	at java.base/jdk.internal.reflect.DelegatingConstructorAccessorImpl.newInstance(DelegatingConstructorAccessorImpl.java:45)
	at java.base/java.lang.reflect.Constructor.newInstance(Constructor.java:490)
	at org.testng.internal.ObjectFactoryImpl.newInstance(ObjectFactoryImpl.java:23)
	at org.testng.internal.InstanceCreator.instantiateUsingDefaultConstructor(InstanceCreator.java:193)
	at org.testng.internal.InstanceCreator.createInstanceUsingObjectFactory(InstanceCreator.java:113)
	at org.testng.internal.InstanceCreator.createInstance(InstanceCreator.java:79)
	at org.testng.internal.objects.SimpleObjectDispenser.dispense(SimpleObjectDispenser.java:25)
	at org.testng.internal.objects.GuiceBasedObjectDispenser.dispense(GuiceBasedObjectDispenser.java:30)
	at org.testng.internal.ClassImpl.getDefaultInstance(ClassImpl.java:112)
	at org.testng.internal.ClassImpl.getInstances(ClassImpl.java:165)
	at org.testng.TestClass.getInstances(TestClass.java:122)
	at org.testng.TestClass.initTestClassesAndInstances(TestClass.java:102)
	at org.testng.TestClass.init(TestClass.java:94)
	at org.testng.TestClass.<init>(TestClass.java:59)
	at org.testng.TestRunner.initMethods(TestRunner.java:463)
	at org.testng.TestRunner.init(TestRunner.java:339)
	at org.testng.TestRunner.init(TestRunner.java:292)
	at org.testng.TestRunner.<init>(TestRunner.java:183)
	at org.testng.SuiteRunner$DefaultTestRunnerFactory.newTestRunner(SuiteRunner.java:596)
	at org.testng.SuiteRunner.init(SuiteRunner.java:173)
	at org.testng.SuiteRunner.<init>(SuiteRunner.java:107)
	at org.testng.TestNG.createSuiteRunner(TestNG.java:1300)
	at org.testng.TestNG.createSuiteRunners(TestNG.java:1276)
	at org.testng.TestNG.runSuitesLocally(TestNG.java:1125)
	at org.testng.TestNG.runSuites(TestNG.java:1063)
	at org.testng.TestNG.run(TestNG.java:1031)
	at org.apache.maven.surefire.testng.TestNGExecutor.run(TestNGExecutor.java:135)
	at org.apache.maven.surefire.testng.TestNGDirectoryTestSuite.executeMulti(TestNGDirectoryTestSuite.java:193)
	at org.apache.maven.surefire.testng.TestNGDirectoryTestSuite.execute(TestNGDirectoryTestSuite.java:94)
	at org.apache.maven.surefire.testng.TestNGProvider.invoke(TestNGProvider.java:146)
	at org.apache.maven.surefire.booter.ForkedBooter.invokeProviderInSameClassLoader(ForkedBooter.java:384)
	at org.apache.maven.surefire.booter.ForkedBooter.runSuitesInProcess(ForkedBooter.java:345)
	at org.apache.maven.surefire.booter.ForkedBooter.execute(ForkedBooter.java:126)
	at org.apache.maven.surefire.booter.ForkedBooter.main(ForkedBooter.java:418)
java.io.FileNotFoundException: C:\Users\MDinc\pullreq\AmaxAllWebApps\src\main\java\com\amaxweb\config\config.properties (The system cannot find the path specified)
	at java.base/java.io.FileInputStream.open0(Native Method)
	at java.base/java.io.FileInputStream.open(FileInputStream.java:219)
	at java.base/java.io.FileInputStream.<init>(FileInputStream.java:157)
	at java.base/java.io.FileInputStream.<init>(FileInputStream.java:112)
	at com.amaxweb.base.TestBase.<init>(TestBase.java:31)
	at com.amaxinsurance.testcases.CommercialAutoQuotePageTitleTest.<init>(CommercialAutoQuotePageTitleTest.java:18)
	at java.base/jdk.internal.reflect.NativeConstructorAccessorImpl.newInstance0(Native Method)
	at java.base/jdk.internal.reflect.NativeConstructorAccessorImpl.newInstance(NativeConstructorAccessorImpl.java:62)
	at java.base/jdk.internal.reflect.DelegatingConstructorAccessorImpl.newInstance(DelegatingConstructorAccessorImpl.java:45)
	at java.base/java.lang.reflect.Constructor.newInstance(Constructor.java:490)
	at org.testng.internal.ObjectFactoryImpl.newInstance(ObjectFactoryImpl.java:23)
	at org.testng.internal.InstanceCreator.instantiateUsingDefaultConstructor(InstanceCreator.java:193)
	at org.testng.internal.InstanceCreator.createInstanceUsingObjectFactory(InstanceCreator.java:113)
	at org.testng.internal.InstanceCreator.createInstance(InstanceCreator.java:79)
	at org.testng.internal.objects.SimpleObjectDispenser.dispense(SimpleObjectDispenser.java:25)
	at org.testng.internal.objects.GuiceBasedObjectDispenser.dispense(GuiceBasedObjectDispenser.java:30)
	at org.testng.internal.ClassImpl.getDefaultInstance(ClassImpl.java:112)
	at org.testng.internal.ClassImpl.getInstances(ClassImpl.java:165)
	at org.testng.TestClass.getInstances(TestClass.java:122)
	at org.testng.TestClass.initTestClassesAndInstances(TestClass.java:102)
	at org.testng.TestClass.init(TestClass.java:94)
	at org.testng.TestClass.<init>(TestClass.java:59)
	at org.testng.TestRunner.initMethods(TestRunner.java:463)
	at org.testng.TestRunner.init(TestRunner.java:339)
	at org.testng.TestRunner.init(TestRunner.java:292)
	at org.testng.TestRunner.<init>(TestRunner.java:183)
	at org.testng.SuiteRunner$DefaultTestRunnerFactory.newTestRunner(SuiteRunner.java:596)
	at org.testng.SuiteRunner.init(SuiteRunner.java:173)
	at org.testng.SuiteRunner.<init>(SuiteRunner.java:107)
	at org.testng.TestNG.createSuiteRunner(TestNG.java:1300)
	at org.testng.TestNG.createSuiteRunners(TestNG.java:1276)
	at org.testng.TestNG.runSuitesLocally(TestNG.java:1125)
	at org.testng.TestNG.runSuites(TestNG.java:1063)
	at org.testng.TestNG.run(TestNG.java:1031)
	at org.apache.maven.surefire.testng.TestNGExecutor.run(TestNGExecutor.java:135)
	at org.apache.maven.surefire.testng.TestNGDirectoryTestSuite.executeMulti(TestNGDirectoryTestSuite.java:193)
	at org.apache.maven.surefire.testng.TestNGDirectoryTestSuite.execute(TestNGDirectoryTestSuite.java:94)
	at org.apache.maven.surefire.testng.TestNGProvider.invoke(TestNGProvider.java:146)
	at org.apache.maven.surefire.booter.ForkedBooter.invokeProviderInSameClassLoader(ForkedBooter.java:384)
	at org.apache.maven.surefire.booter.ForkedBooter.runSuitesInProcess(ForkedBooter.java:345)
	at org.apache.maven.surefire.booter.ForkedBooter.execute(ForkedBooter.java:126)
	at org.apache.maven.surefire.booter.ForkedBooter.main(ForkedBooter.java:418)
java.io.FileNotFoundException: C:\Users\MDinc\pullreq\AmaxAllWebApps\src\main\java\com\amaxweb\config\config.properties (The system cannot find the path specified)
	at java.base/java.io.FileInputStream.open0(Native Method)
	at java.base/java.io.FileInputStream.open(FileInputStream.java:219)
	at java.base/java.io.FileInputStream.<init>(FileInputStream.java:157)
	at java.base/java.io.FileInputStream.<init>(FileInputStream.java:112)
	at com.amaxweb.base.TestBase.<init>(TestBase.java:31)
	at com.amaxinsurance.testcases.ContactUsPageTitleTest.<init>(ContactUsPageTitleTest.java:16)
	at java.base/jdk.internal.reflect.NativeConstructorAccessorImpl.newInstance0(Native Method)
	at java.base/jdk.internal.reflect.NativeConstructorAccessorImpl.newInstance(NativeConstructorAccessorImpl.java:62)
	at java.base/jdk.internal.reflect.DelegatingConstructorAccessorImpl.newInstance(DelegatingConstructorAccessorImpl.java:45)
	at java.base/java.lang.reflect.Constructor.newInstance(Constructor.java:490)
	at org.testng.internal.ObjectFactoryImpl.newInstance(ObjectFactoryImpl.java:23)
	at org.testng.internal.InstanceCreator.instantiateUsingDefaultConstructor(InstanceCreator.java:193)
	at org.testng.internal.InstanceCreator.createInstanceUsingObjectFactory(InstanceCreator.java:113)
	at org.testng.internal.InstanceCreator.createInstance(InstanceCreator.java:79)
	at org.testng.internal.objects.SimpleObjectDispenser.dispense(SimpleObjectDispenser.java:25)
	at org.testng.internal.objects.GuiceBasedObjectDispenser.dispense(GuiceBasedObjectDispenser.java:30)
	at org.testng.internal.ClassImpl.getDefaultInstance(ClassImpl.java:112)
	at org.testng.internal.ClassImpl.getInstances(ClassImpl.java:165)
	at org.testng.TestClass.getInstances(TestClass.java:122)
	at org.testng.TestClass.initTestClassesAndInstances(TestClass.java:102)
	at org.testng.TestClass.init(TestClass.java:94)
	at org.testng.TestClass.<init>(TestClass.java:59)
	at org.testng.TestRunner.initMethods(TestRunner.java:463)
	at org.testng.TestRunner.init(TestRunner.java:339)
	at org.testng.TestRunner.init(TestRunner.java:292)
	at org.testng.TestRunner.<init>(TestRunner.java:183)
	at org.testng.SuiteRunner$DefaultTestRunnerFactory.newTestRunner(SuiteRunner.java:596)
	at org.testng.SuiteRunner.init(SuiteRunner.java:173)
	at org.testng.SuiteRunner.<init>(SuiteRunner.java:107)
	at org.testng.TestNG.createSuiteRunner(TestNG.java:1300)
	at org.testng.TestNG.createSuiteRunners(TestNG.java:1276)
	at org.testng.TestNG.runSuitesLocally(TestNG.java:1125)
	at org.testng.TestNG.runSuites(TestNG.java:1063)
	at org.testng.TestNG.run(TestNG.java:1031)
	at org.apache.maven.surefire.testng.TestNGExecutor.run(TestNGExecutor.java:135)
	at org.apache.maven.surefire.testng.TestNGDirectoryTestSuite.executeMulti(TestNGDirectoryTestSuite.java:193)
	at org.apache.maven.surefire.testng.TestNGDirectoryTestSuite.execute(TestNGDirectoryTestSuite.java:94)
	at org.apache.maven.surefire.testng.TestNGProvider.invoke(TestNGProvider.java:146)
	at org.apache.maven.surefire.booter.ForkedBooter.invokeProviderInSameClassLoader(ForkedBooter.java:384)
	at org.apache.maven.surefire.booter.ForkedBooter.runSuitesInProcess(ForkedBooter.java:345)
	at org.apache.maven.surefire.booter.ForkedBooter.execute(ForkedBooter.java:126)
	at org.apache.maven.surefire.booter.ForkedBooter.main(ForkedBooter.java:418)
java.io.FileNotFoundException: C:\Users\MDinc\pullreq\AmaxAllWebApps\src\main\java\com\amaxweb\config\config.properties (The system cannot find the path specified)
	at java.base/java.io.FileInputStream.open0(Native Method)
	at java.base/java.io.FileInputStream.open(FileInputStream.java:219)
	at java.base/java.io.FileInputStream.<init>(FileInputStream.java:157)
	at java.base/java.io.FileInputStream.<init>(FileInputStream.java:112)
	at com.amaxweb.base.TestBase.<init>(TestBase.java:31)
	at com.amaxinsurance.testcases.FindAnOfficePageTest.<init>(FindAnOfficePageTest.java:19)
	at java.base/jdk.internal.reflect.NativeConstructorAccessorImpl.newInstance0(Native Method)
	at java.base/jdk.internal.reflect.NativeConstructorAccessorImpl.newInstance(NativeConstructorAccessorImpl.java:62)
	at java.base/jdk.internal.reflect.DelegatingConstructorAccessorImpl.newInstance(DelegatingConstructorAccessorImpl.java:45)
	at java.base/java.lang.reflect.Constructor.newInstance(Constructor.java:490)
	at org.testng.internal.ObjectFactoryImpl.newInstance(ObjectFactoryImpl.java:23)
	at org.testng.internal.InstanceCreator.instantiateUsingDefaultConstructor(InstanceCreator.java:193)
	at org.testng.internal.InstanceCreator.createInstanceUsingObjectFactory(InstanceCreator.java:113)
	at org.testng.internal.InstanceCreator.createInstance(InstanceCreator.java:79)
	at org.testng.internal.objects.SimpleObjectDispenser.dispense(SimpleObjectDispenser.java:25)
	at org.testng.internal.objects.GuiceBasedObjectDispenser.dispense(GuiceBasedObjectDispenser.java:30)
	at org.testng.internal.ClassImpl.getDefaultInstance(ClassImpl.java:112)
	at org.testng.internal.ClassImpl.getInstances(ClassImpl.java:165)
	at org.testng.TestClass.getInstances(TestClass.java:122)
	at org.testng.TestClass.initTestClassesAndInstances(TestClass.java:102)
	at org.testng.TestClass.init(TestClass.java:94)
	at org.testng.TestClass.<init>(TestClass.java:59)
	at org.testng.TestRunner.initMethods(TestRunner.java:463)
	at org.testng.TestRunner.init(TestRunner.java:339)
	at org.testng.TestRunner.init(TestRunner.java:292)
	at org.testng.TestRunner.<init>(TestRunner.java:183)
	at org.testng.SuiteRunner$DefaultTestRunnerFactory.newTestRunner(SuiteRunner.java:596)
	at org.testng.SuiteRunner.init(SuiteRunner.java:173)
	at org.testng.SuiteRunner.<init>(SuiteRunner.java:107)
	at org.testng.TestNG.createSuiteRunner(TestNG.java:1300)
	at org.testng.TestNG.createSuiteRunners(TestNG.java:1276)
	at org.testng.TestNG.runSuitesLocally(TestNG.java:1125)
	at org.testng.TestNG.runSuites(TestNG.java:1063)
	at org.testng.TestNG.run(TestNG.java:1031)
	at org.apache.maven.surefire.testng.TestNGExecutor.run(TestNGExecutor.java:135)
	at org.apache.maven.surefire.testng.TestNGDirectoryTestSuite.executeMulti(TestNGDirectoryTestSuite.java:193)
	at org.apache.maven.surefire.testng.TestNGDirectoryTestSuite.execute(TestNGDirectoryTestSuite.java:94)
	at org.apache.maven.surefire.testng.TestNGProvider.invoke(TestNGProvider.java:146)
	at org.apache.maven.surefire.booter.ForkedBooter.invokeProviderInSameClassLoader(ForkedBooter.java:384)
	at org.apache.maven.surefire.booter.ForkedBooter.runSuitesInProcess(ForkedBooter.java:345)
	at org.apache.maven.surefire.booter.ForkedBooter.execute(ForkedBooter.java:126)
	at org.apache.maven.surefire.booter.ForkedBooter.main(ForkedBooter.java:418)
java.io.FileNotFoundException: C:\Users\MDinc\pullreq\AmaxAllWebApps\src\main\java\com\amaxweb\config\config.properties (The system cannot find the path specified)
	at java.base/java.io.FileInputStream.open0(Native Method)
	at java.base/java.io.FileInputStream.open(FileInputStream.java:219)
	at java.base/java.io.FileInputStream.<init>(FileInputStream.java:157)
	at java.base/java.io.FileInputStream.<init>(FileInputStream.java:112)
	at com.amaxweb.base.TestBase.<init>(TestBase.java:31)
	at com.amaxinsurance.testcases.GeneralLiabilityQuotePageTitleTest.<init>(GeneralLiabilityQuotePageTitleTest.java:15)
	at java.base/jdk.internal.reflect.NativeConstructorAccessorImpl.newInstance0(Native Method)
	at java.base/jdk.internal.reflect.NativeConstructorAccessorImpl.newInstance(NativeConstructorAccessorImpl.java:62)
	at java.base/jdk.internal.reflect.DelegatingConstructorAccessorImpl.newInstance(DelegatingConstructorAccessorImpl.java:45)
	at java.base/java.lang.reflect.Constructor.newInstance(Constructor.java:490)
	at org.testng.internal.ObjectFactoryImpl.newInstance(ObjectFactoryImpl.java:23)
	at org.testng.internal.InstanceCreator.instantiateUsingDefaultConstructor(InstanceCreator.java:193)
	at org.testng.internal.InstanceCreator.createInstanceUsingObjectFactory(InstanceCreator.java:113)
	at org.testng.internal.InstanceCreator.createInstance(InstanceCreator.java:79)
	at org.testng.internal.objects.SimpleObjectDispenser.dispense(SimpleObjectDispenser.java:25)
	at org.testng.internal.objects.GuiceBasedObjectDispenser.dispense(GuiceBasedObjectDispenser.java:30)
	at org.testng.internal.ClassImpl.getDefaultInstance(ClassImpl.java:112)
	at org.testng.internal.ClassImpl.getInstances(ClassImpl.java:165)
	at org.testng.TestClass.getInstances(TestClass.java:122)
	at org.testng.TestClass.initTestClassesAndInstances(TestClass.java:102)
	at org.testng.TestClass.init(TestClass.java:94)
	at org.testng.TestClass.<init>(TestClass.java:59)
	at org.testng.TestRunner.initMethods(TestRunner.java:463)
	at org.testng.TestRunner.init(TestRunner.java:339)
	at org.testng.TestRunner.init(TestRunner.java:292)
	at org.testng.TestRunner.<init>(TestRunner.java:183)
	at org.testng.SuiteRunner$DefaultTestRunnerFactory.newTestRunner(SuiteRunner.java:596)
	at org.testng.SuiteRunner.init(SuiteRunner.java:173)
	at org.testng.SuiteRunner.<init>(SuiteRunner.java:107)
	at org.testng.TestNG.createSuiteRunner(TestNG.java:1300)
	at org.testng.TestNG.createSuiteRunners(TestNG.java:1276)
	at org.testng.TestNG.runSuitesLocally(TestNG.java:1125)
	at org.testng.TestNG.runSuites(TestNG.java:1063)
	at org.testng.TestNG.run(TestNG.java:1031)
	at org.apache.maven.surefire.testng.TestNGExecutor.run(TestNGExecutor.java:135)
	at org.apache.maven.surefire.testng.TestNGDirectoryTestSuite.executeMulti(TestNGDirectoryTestSuite.java:193)
	at org.apache.maven.surefire.testng.TestNGDirectoryTestSuite.execute(TestNGDirectoryTestSuite.java:94)
	at org.apache.maven.surefire.testng.TestNGProvider.invoke(TestNGProvider.java:146)
	at org.apache.maven.surefire.booter.ForkedBooter.invokeProviderInSameClassLoader(ForkedBooter.java:384)
	at org.apache.maven.surefire.booter.ForkedBooter.runSuitesInProcess(ForkedBooter.java:345)
	at org.apache.maven.surefire.booter.ForkedBooter.execute(ForkedBooter.java:126)
	at org.apache.maven.surefire.booter.ForkedBooter.main(ForkedBooter.java:418)
java.io.FileNotFoundException: C:\Users\MDinc\pullreq\AmaxAllWebApps\src\main\java\com\amaxweb\config\config.properties (The system cannot find the path specified)
	at java.base/java.io.FileInputStream.open0(Native Method)
	at java.base/java.io.FileInputStream.open(FileInputStream.java:219)
	at java.base/java.io.FileInputStream.<init>(FileInputStream.java:157)
	at java.base/java.io.FileInputStream.<init>(FileInputStream.java:112)
	at com.amaxweb.base.TestBase.<init>(TestBase.java:31)
	at com.amaxinsurance.testcases.HomeownersQuotepageTitleTest.<init>(HomeownersQuotepageTitleTest.java:16)
	at java.base/jdk.internal.reflect.NativeConstructorAccessorImpl.newInstance0(Native Method)
	at java.base/jdk.internal.reflect.NativeConstructorAccessorImpl.newInstance(NativeConstructorAccessorImpl.java:62)
	at java.base/jdk.internal.reflect.DelegatingConstructorAccessorImpl.newInstance(DelegatingConstructorAccessorImpl.java:45)
	at java.base/java.lang.reflect.Constructor.newInstance(Constructor.java:490)
	at org.testng.internal.ObjectFactoryImpl.newInstance(ObjectFactoryImpl.java:23)
	at org.testng.internal.InstanceCreator.instantiateUsingDefaultConstructor(InstanceCreator.java:193)
	at org.testng.internal.InstanceCreator.createInstanceUsingObjectFactory(InstanceCreator.java:113)
	at org.testng.internal.InstanceCreator.createInstance(InstanceCreator.java:79)
	at org.testng.internal.objects.SimpleObjectDispenser.dispense(SimpleObjectDispenser.java:25)
	at org.testng.internal.objects.GuiceBasedObjectDispenser.dispense(GuiceBasedObjectDispenser.java:30)
	at org.testng.internal.ClassImpl.getDefaultInstance(ClassImpl.java:112)
	at org.testng.internal.ClassImpl.getInstances(ClassImpl.java:165)
	at org.testng.TestClass.getInstances(TestClass.java:122)
	at org.testng.TestClass.initTestClassesAndInstances(TestClass.java:102)
	at org.testng.TestClass.init(TestClass.java:94)
	at org.testng.TestClass.<init>(TestClass.java:59)
	at org.testng.TestRunner.initMethods(TestRunner.java:463)
	at org.testng.TestRunner.init(TestRunner.java:339)
	at org.testng.TestRunner.init(TestRunner.java:292)
	at org.testng.TestRunner.<init>(TestRunner.java:183)
	at org.testng.SuiteRunner$DefaultTestRunnerFactory.newTestRunner(SuiteRunner.java:596)
	at org.testng.SuiteRunner.init(SuiteRunner.java:173)
	at org.testng.SuiteRunner.<init>(SuiteRunner.java:107)
	at org.testng.TestNG.createSuiteRunner(TestNG.java:1300)
	at org.testng.TestNG.createSuiteRunners(TestNG.java:1276)
	at org.testng.TestNG.runSuitesLocally(TestNG.java:1125)
	at org.testng.TestNG.runSuites(TestNG.java:1063)
	at org.testng.TestNG.run(TestNG.java:1031)
	at org.apache.maven.surefire.testng.TestNGExecutor.run(TestNGExecutor.java:135)
	at org.apache.maven.surefire.testng.TestNGDirectoryTestSuite.executeMulti(TestNGDirectoryTestSuite.java:193)
	at org.apache.maven.surefire.testng.TestNGDirectoryTestSuite.execute(TestNGDirectoryTestSuite.java:94)
	at org.apache.maven.surefire.testng.TestNGProvider.invoke(TestNGProvider.java:146)
	at org.apache.maven.surefire.booter.ForkedBooter.invokeProviderInSameClassLoader(ForkedBooter.java:384)
	at org.apache.maven.surefire.booter.ForkedBooter.runSuitesInProcess(ForkedBooter.java:345)
	at org.apache.maven.surefire.booter.ForkedBooter.execute(ForkedBooter.java:126)
	at org.apache.maven.surefire.booter.ForkedBooter.main(ForkedBooter.java:418)
java.io.FileNotFoundException: C:\Users\MDinc\pullreq\AmaxAllWebApps\src\main\java\com\amaxweb\config\config.properties (The system cannot find the path specified)
	at java.base/java.io.FileInputStream.open0(Native Method)
	at java.base/java.io.FileInputStream.open(FileInputStream.java:219)
	at java.base/java.io.FileInputStream.<init>(FileInputStream.java:157)
	at java.base/java.io.FileInputStream.<init>(FileInputStream.java:112)
	at com.amaxweb.base.TestBase.<init>(TestBase.java:31)
	at com.amaxinsurance.testcases.HomePageTest.<init>(HomePageTest.java:16)
	at java.base/jdk.internal.reflect.NativeConstructorAccessorImpl.newInstance0(Native Method)
	at java.base/jdk.internal.reflect.NativeConstructorAccessorImpl.newInstance(NativeConstructorAccessorImpl.java:62)
	at java.base/jdk.internal.reflect.DelegatingConstructorAccessorImpl.newInstance(DelegatingConstructorAccessorImpl.java:45)
	at java.base/java.lang.reflect.Constructor.newInstance(Constructor.java:490)
	at org.testng.internal.ObjectFactoryImpl.newInstance(ObjectFactoryImpl.java:23)
	at org.testng.internal.InstanceCreator.instantiateUsingDefaultConstructor(InstanceCreator.java:193)
	at org.testng.internal.InstanceCreator.createInstanceUsingObjectFactory(InstanceCreator.java:113)
	at org.testng.internal.InstanceCreator.createInstance(InstanceCreator.java:79)
	at org.testng.internal.objects.SimpleObjectDispenser.dispense(SimpleObjectDispenser.java:25)
	at org.testng.internal.objects.GuiceBasedObjectDispenser.dispense(GuiceBasedObjectDispenser.java:30)
	at org.testng.internal.ClassImpl.getDefaultInstance(ClassImpl.java:112)
	at org.testng.internal.ClassImpl.getInstances(ClassImpl.java:165)
	at org.testng.TestClass.getInstances(TestClass.java:122)
	at org.testng.TestClass.initTestClassesAndInstances(TestClass.java:102)
	at org.testng.TestClass.init(TestClass.java:94)
	at org.testng.TestClass.<init>(TestClass.java:59)
	at org.testng.TestRunner.initMethods(TestRunner.java:463)
	at org.testng.TestRunner.init(TestRunner.java:339)
	at org.testng.TestRunner.init(TestRunner.java:292)
	at org.testng.TestRunner.<init>(TestRunner.java:183)
	at org.testng.SuiteRunner$DefaultTestRunnerFactory.newTestRunner(SuiteRunner.java:596)
	at org.testng.SuiteRunner.init(SuiteRunner.java:173)
	at org.testng.SuiteRunner.<init>(SuiteRunner.java:107)
	at org.testng.TestNG.createSuiteRunner(TestNG.java:1300)
	at org.testng.TestNG.createSuiteRunners(TestNG.java:1276)
	at org.testng.TestNG.runSuitesLocally(TestNG.java:1125)
	at org.testng.TestNG.runSuites(TestNG.java:1063)
	at org.testng.TestNG.run(TestNG.java:1031)
	at org.apache.maven.surefire.testng.TestNGExecutor.run(TestNGExecutor.java:135)
	at org.apache.maven.surefire.testng.TestNGDirectoryTestSuite.executeMulti(TestNGDirectoryTestSuite.java:193)
	at org.apache.maven.surefire.testng.TestNGDirectoryTestSuite.execute(TestNGDirectoryTestSuite.java:94)
	at org.apache.maven.surefire.testng.TestNGProvider.invoke(TestNGProvider.java:146)
	at org.apache.maven.surefire.booter.ForkedBooter.invokeProviderInSameClassLoader(ForkedBooter.java:384)
	at org.apache.maven.surefire.booter.ForkedBooter.runSuitesInProcess(ForkedBooter.java:345)
	at org.apache.maven.surefire.booter.ForkedBooter.execute(ForkedBooter.java:126)
	at org.apache.maven.surefire.booter.ForkedBooter.main(ForkedBooter.java:418)
java.io.FileNotFoundException: C:\Users\MDinc\pullreq\AmaxAllWebApps\src\main\java\com\amaxweb\config\config.properties (The system cannot find the path specified)
	at java.base/java.io.FileInputStream.open0(Native Method)
	at java.base/java.io.FileInputStream.open(FileInputStream.java:219)
	at java.base/java.io.FileInputStream.<init>(FileInputStream.java:157)
	at java.base/java.io.FileInputStream.<init>(FileInputStream.java:112)
	at com.amaxweb.base.TestBase.<init>(TestBase.java:31)
	at com.amaxinsurance.testcases.MakeAClaimPageTest.<init>(MakeAClaimPageTest.java:16)
	at java.base/jdk.internal.reflect.NativeConstructorAccessorImpl.newInstance0(Native Method)
	at java.base/jdk.internal.reflect.NativeConstructorAccessorImpl.newInstance(NativeConstructorAccessorImpl.java:62)
	at java.base/jdk.internal.reflect.DelegatingConstructorAccessorImpl.newInstance(DelegatingConstructorAccessorImpl.java:45)
	at java.base/java.lang.reflect.Constructor.newInstance(Constructor.java:490)
	at org.testng.internal.ObjectFactoryImpl.newInstance(ObjectFactoryImpl.java:23)
	at org.testng.internal.InstanceCreator.instantiateUsingDefaultConstructor(InstanceCreator.java:193)
	at org.testng.internal.InstanceCreator.createInstanceUsingObjectFactory(InstanceCreator.java:113)
	at org.testng.internal.InstanceCreator.createInstance(InstanceCreator.java:79)
	at org.testng.internal.objects.SimpleObjectDispenser.dispense(SimpleObjectDispenser.java:25)
	at org.testng.internal.objects.GuiceBasedObjectDispenser.dispense(GuiceBasedObjectDispenser.java:30)
	at org.testng.internal.ClassImpl.getDefaultInstance(ClassImpl.java:112)
	at org.testng.internal.ClassImpl.getInstances(ClassImpl.java:165)
	at org.testng.TestClass.getInstances(TestClass.java:122)
	at org.testng.TestClass.initTestClassesAndInstances(TestClass.java:102)
	at org.testng.TestClass.init(TestClass.java:94)
	at org.testng.TestClass.<init>(TestClass.java:59)
	at org.testng.TestRunner.initMethods(TestRunner.java:463)
	at org.testng.TestRunner.init(TestRunner.java:339)
	at org.testng.TestRunner.init(TestRunner.java:292)
	at org.testng.TestRunner.<init>(TestRunner.java:183)
	at org.testng.SuiteRunner$DefaultTestRunnerFactory.newTestRunner(SuiteRunner.java:596)
	at org.testng.SuiteRunner.init(SuiteRunner.java:173)
	at org.testng.SuiteRunner.<init>(SuiteRunner.java:107)
	at org.testng.TestNG.createSuiteRunner(TestNG.java:1300)
	at org.testng.TestNG.createSuiteRunners(TestNG.java:1276)
	at org.testng.TestNG.runSuitesLocally(TestNG.java:1125)
	at org.testng.TestNG.runSuites(TestNG.java:1063)
	at org.testng.TestNG.run(TestNG.java:1031)
	at org.apache.maven.surefire.testng.TestNGExecutor.run(TestNGExecutor.java:135)
	at org.apache.maven.surefire.testng.TestNGDirectoryTestSuite.executeMulti(TestNGDirectoryTestSuite.java:193)
	at org.apache.maven.surefire.testng.TestNGDirectoryTestSuite.execute(TestNGDirectoryTestSuite.java:94)
	at org.apache.maven.surefire.testng.TestNGProvider.invoke(TestNGProvider.java:146)
	at org.apache.maven.surefire.booter.ForkedBooter.invokeProviderInSameClassLoader(ForkedBooter.java:384)
	at org.apache.maven.surefire.booter.ForkedBooter.runSuitesInProcess(ForkedBooter.java:345)
	at org.apache.maven.surefire.booter.ForkedBooter.execute(ForkedBooter.java:126)
	at org.apache.maven.surefire.booter.ForkedBooter.main(ForkedBooter.java:418)
java.io.FileNotFoundException: C:\Users\MDinc\pullreq\AmaxAllWebApps\src\main\java\com\amaxweb\config\config.properties (The system cannot find the path specified)
	at java.base/java.io.FileInputStream.open0(Native Method)
	at java.base/java.io.FileInputStream.open(FileInputStream.java:219)
	at java.base/java.io.FileInputStream.<init>(FileInputStream.java:157)
	at java.base/java.io.FileInputStream.<init>(FileInputStream.java:112)
	at com.amaxweb.base.TestBase.<init>(TestBase.java:31)
	at com.amaxinsurance.testcases.MakeAPaymentPageTest.<init>(MakeAPaymentPageTest.java:16)
	at java.base/jdk.internal.reflect.NativeConstructorAccessorImpl.newInstance0(Native Method)
	at java.base/jdk.internal.reflect.NativeConstructorAccessorImpl.newInstance(NativeConstructorAccessorImpl.java:62)
	at java.base/jdk.internal.reflect.DelegatingConstructorAccessorImpl.newInstance(DelegatingConstructorAccessorImpl.java:45)
	at java.base/java.lang.reflect.Constructor.newInstance(Constructor.java:490)
	at org.testng.internal.ObjectFactoryImpl.newInstance(ObjectFactoryImpl.java:23)
	at org.testng.internal.InstanceCreator.instantiateUsingDefaultConstructor(InstanceCreator.java:193)
	at org.testng.internal.InstanceCreator.createInstanceUsingObjectFactory(InstanceCreator.java:113)
	at org.testng.internal.InstanceCreator.createInstance(InstanceCreator.java:79)
	at org.testng.internal.objects.SimpleObjectDispenser.dispense(SimpleObjectDispenser.java:25)
	at org.testng.internal.objects.GuiceBasedObjectDispenser.dispense(GuiceBasedObjectDispenser.java:30)
	at org.testng.internal.ClassImpl.getDefaultInstance(ClassImpl.java:112)
	at org.testng.internal.ClassImpl.getInstances(ClassImpl.java:165)
	at org.testng.TestClass.getInstances(TestClass.java:122)
	at org.testng.TestClass.initTestClassesAndInstances(TestClass.java:102)
	at org.testng.TestClass.init(TestClass.java:94)
	at org.testng.TestClass.<init>(TestClass.java:59)
	at org.testng.TestRunner.initMethods(TestRunner.java:463)
	at org.testng.TestRunner.init(TestRunner.java:339)
	at org.testng.TestRunner.init(TestRunner.java:292)
	at org.testng.TestRunner.<init>(TestRunner.java:183)
	at org.testng.SuiteRunner$DefaultTestRunnerFactory.newTestRunner(SuiteRunner.java:596)
	at org.testng.SuiteRunner.init(SuiteRunner.java:173)
	at org.testng.SuiteRunner.<init>(SuiteRunner.java:107)
	at org.testng.TestNG.createSuiteRunner(TestNG.java:1300)
	at org.testng.TestNG.createSuiteRunners(TestNG.java:1276)
	at org.testng.TestNG.runSuitesLocally(TestNG.java:1125)
	at org.testng.TestNG.runSuites(TestNG.java:1063)
	at org.testng.TestNG.run(TestNG.java:1031)
	at org.apache.maven.surefire.testng.TestNGExecutor.run(TestNGExecutor.java:135)
	at org.apache.maven.surefire.testng.TestNGDirectoryTestSuite.executeMulti(TestNGDirectoryTestSuite.java:193)
	at org.apache.maven.surefire.testng.TestNGDirectoryTestSuite.execute(TestNGDirectoryTestSuite.java:94)
	at org.apache.maven.surefire.testng.TestNGProvider.invoke(TestNGProvider.java:146)
	at org.apache.maven.surefire.booter.ForkedBooter.invokeProviderInSameClassLoader(ForkedBooter.java:384)
	at org.apache.maven.surefire.booter.ForkedBooter.runSuitesInProcess(ForkedBooter.java:345)
	at org.apache.maven.surefire.booter.ForkedBooter.execute(ForkedBooter.java:126)
	at org.apache.maven.surefire.booter.ForkedBooter.main(ForkedBooter.java:418)
java.io.FileNotFoundException: C:\Users\MDinc\pullreq\AmaxAllWebApps\src\main\java\com\amaxweb\config\config.properties (The system cannot find the path specified)
	at java.base/java.io.FileInputStream.open0(Native Method)
	at java.base/java.io.FileInputStream.open(FileInputStream.java:219)
	at java.base/java.io.FileInputStream.<init>(FileInputStream.java:157)
	at java.base/java.io.FileInputStream.<init>(FileInputStream.java:112)
	at com.amaxweb.base.TestBase.<init>(TestBase.java:31)
	at com.amaxinsurance.testcases.MexicoTouristQuotePageTitleTest.<init>(MexicoTouristQuotePageTitleTest.java:15)
	at java.base/jdk.internal.reflect.NativeConstructorAccessorImpl.newInstance0(Native Method)
	at java.base/jdk.internal.reflect.NativeConstructorAccessorImpl.newInstance(NativeConstructorAccessorImpl.java:62)
	at java.base/jdk.internal.reflect.DelegatingConstructorAccessorImpl.newInstance(DelegatingConstructorAccessorImpl.java:45)
	at java.base/java.lang.reflect.Constructor.newInstance(Constructor.java:490)
	at org.testng.internal.ObjectFactoryImpl.newInstance(ObjectFactoryImpl.java:23)
	at org.testng.internal.InstanceCreator.instantiateUsingDefaultConstructor(InstanceCreator.java:193)
	at org.testng.internal.InstanceCreator.createInstanceUsingObjectFactory(InstanceCreator.java:113)
	at org.testng.internal.InstanceCreator.createInstance(InstanceCreator.java:79)
	at org.testng.internal.objects.SimpleObjectDispenser.dispense(SimpleObjectDispenser.java:25)
	at org.testng.internal.objects.GuiceBasedObjectDispenser.dispense(GuiceBasedObjectDispenser.java:30)
	at org.testng.internal.ClassImpl.getDefaultInstance(ClassImpl.java:112)
	at org.testng.internal.ClassImpl.getInstances(ClassImpl.java:165)
	at org.testng.TestClass.getInstances(TestClass.java:122)
	at org.testng.TestClass.initTestClassesAndInstances(TestClass.java:102)
	at org.testng.TestClass.init(TestClass.java:94)
	at org.testng.TestClass.<init>(TestClass.java:59)
	at org.testng.TestRunner.initMethods(TestRunner.java:463)
	at org.testng.TestRunner.init(TestRunner.java:339)
	at org.testng.TestRunner.init(TestRunner.java:292)
	at org.testng.TestRunner.<init>(TestRunner.java:183)
	at org.testng.SuiteRunner$DefaultTestRunnerFactory.newTestRunner(SuiteRunner.java:596)
	at org.testng.SuiteRunner.init(SuiteRunner.java:173)
	at org.testng.SuiteRunner.<init>(SuiteRunner.java:107)
	at org.testng.TestNG.createSuiteRunner(TestNG.java:1300)
	at org.testng.TestNG.createSuiteRunners(TestNG.java:1276)
	at org.testng.TestNG.runSuitesLocally(TestNG.java:1125)
	at org.testng.TestNG.runSuites(TestNG.java:1063)
	at org.testng.TestNG.run(TestNG.java:1031)
	at org.apache.maven.surefire.testng.TestNGExecutor.run(TestNGExecutor.java:135)
	at org.apache.maven.surefire.testng.TestNGDirectoryTestSuite.executeMulti(TestNGDirectoryTestSuite.java:193)
	at org.apache.maven.surefire.testng.TestNGDirectoryTestSuite.execute(TestNGDirectoryTestSuite.java:94)
	at org.apache.maven.surefire.testng.TestNGProvider.invoke(TestNGProvider.java:146)
	at org.apache.maven.surefire.booter.ForkedBooter.invokeProviderInSameClassLoader(ForkedBooter.java:384)
	at org.apache.maven.surefire.booter.ForkedBooter.runSuitesInProcess(ForkedBooter.java:345)
	at org.apache.maven.surefire.booter.ForkedBooter.execute(ForkedBooter.java:126)
	at org.apache.maven.surefire.booter.ForkedBooter.main(ForkedBooter.java:418)
java.io.FileNotFoundException: C:\Users\MDinc\pullreq\AmaxAllWebApps\src\main\java\com\amaxweb\config\config.properties (The system cannot find the path specified)
	at java.base/java.io.FileInputStream.open0(Native Method)
	at java.base/java.io.FileInputStream.open(FileInputStream.java:219)
	at java.base/java.io.FileInputStream.<init>(FileInputStream.java:157)
	at java.base/java.io.FileInputStream.<init>(FileInputStream.java:112)
	at com.amaxweb.base.TestBase.<init>(TestBase.java:31)
	at com.amaxinsurance.testcases.MobileHomeQuotePageTitleTest.<init>(MobileHomeQuotePageTitleTest.java:11)
	at java.base/jdk.internal.reflect.NativeConstructorAccessorImpl.newInstance0(Native Method)
	at java.base/jdk.internal.reflect.NativeConstructorAccessorImpl.newInstance(NativeConstructorAccessorImpl.java:62)
	at java.base/jdk.internal.reflect.DelegatingConstructorAccessorImpl.newInstance(DelegatingConstructorAccessorImpl.java:45)
	at java.base/java.lang.reflect.Constructor.newInstance(Constructor.java:490)
	at org.testng.internal.ObjectFactoryImpl.newInstance(ObjectFactoryImpl.java:23)
	at org.testng.internal.InstanceCreator.instantiateUsingDefaultConstructor(InstanceCreator.java:193)
	at org.testng.internal.InstanceCreator.createInstanceUsingObjectFactory(InstanceCreator.java:113)
	at org.testng.internal.InstanceCreator.createInstance(InstanceCreator.java:79)
	at org.testng.internal.objects.SimpleObjectDispenser.dispense(SimpleObjectDispenser.java:25)
	at org.testng.internal.objects.GuiceBasedObjectDispenser.dispense(GuiceBasedObjectDispenser.java:30)
	at org.testng.internal.ClassImpl.getDefaultInstance(ClassImpl.java:112)
	at org.testng.internal.ClassImpl.getInstances(ClassImpl.java:165)
	at org.testng.TestClass.getInstances(TestClass.java:122)
	at org.testng.TestClass.initTestClassesAndInstances(TestClass.java:102)
	at org.testng.TestClass.init(TestClass.java:94)
	at org.testng.TestClass.<init>(TestClass.java:59)
	at org.testng.TestRunner.initMethods(TestRunner.java:463)
	at org.testng.TestRunner.init(TestRunner.java:339)
	at org.testng.TestRunner.init(TestRunner.java:292)
	at org.testng.TestRunner.<init>(TestRunner.java:183)
	at org.testng.SuiteRunner$DefaultTestRunnerFactory.newTestRunner(SuiteRunner.java:596)
	at org.testng.SuiteRunner.init(SuiteRunner.java:173)
	at org.testng.SuiteRunner.<init>(SuiteRunner.java:107)
	at org.testng.TestNG.createSuiteRunner(TestNG.java:1300)
	at org.testng.TestNG.createSuiteRunners(TestNG.java:1276)
	at org.testng.TestNG.runSuitesLocally(TestNG.java:1125)
	at org.testng.TestNG.runSuites(TestNG.java:1063)
	at org.testng.TestNG.run(TestNG.java:1031)
	at org.apache.maven.surefire.testng.TestNGExecutor.run(TestNGExecutor.java:135)
	at org.apache.maven.surefire.testng.TestNGDirectoryTestSuite.executeMulti(TestNGDirectoryTestSuite.java:193)
	at org.apache.maven.surefire.testng.TestNGDirectoryTestSuite.execute(TestNGDirectoryTestSuite.java:94)
	at org.apache.maven.surefire.testng.TestNGProvider.invoke(TestNGProvider.java:146)
	at org.apache.maven.surefire.booter.ForkedBooter.invokeProviderInSameClassLoader(ForkedBooter.java:384)
	at org.apache.maven.surefire.booter.ForkedBooter.runSuitesInProcess(ForkedBooter.java:345)
	at org.apache.maven.surefire.booter.ForkedBooter.execute(ForkedBooter.java:126)
	at org.apache.maven.surefire.booter.ForkedBooter.main(ForkedBooter.java:418)
java.io.FileNotFoundException: C:\Users\MDinc\pullreq\AmaxAllWebApps\src\main\java\com\amaxweb\config\config.properties (The system cannot find the path specified)
	at java.base/java.io.FileInputStream.open0(Native Method)
	at java.base/java.io.FileInputStream.open(FileInputStream.java:219)
	at java.base/java.io.FileInputStream.<init>(FileInputStream.java:157)
	at java.base/java.io.FileInputStream.<init>(FileInputStream.java:112)
	at com.amaxweb.base.TestBase.<init>(TestBase.java:31)
	at com.amaxinsurance.testcases.MotorcycleQuotePageTest.<init>(MotorcycleQuotePageTest.java:16)
	at java.base/jdk.internal.reflect.NativeConstructorAccessorImpl.newInstance0(Native Method)
	at java.base/jdk.internal.reflect.NativeConstructorAccessorImpl.newInstance(NativeConstructorAccessorImpl.java:62)
	at java.base/jdk.internal.reflect.DelegatingConstructorAccessorImpl.newInstance(DelegatingConstructorAccessorImpl.java:45)
	at java.base/java.lang.reflect.Constructor.newInstance(Constructor.java:490)
	at org.testng.internal.ObjectFactoryImpl.newInstance(ObjectFactoryImpl.java:23)
	at org.testng.internal.InstanceCreator.instantiateUsingDefaultConstructor(InstanceCreator.java:193)
	at org.testng.internal.InstanceCreator.createInstanceUsingObjectFactory(InstanceCreator.java:113)
	at org.testng.internal.InstanceCreator.createInstance(InstanceCreator.java:79)
	at org.testng.internal.objects.SimpleObjectDispenser.dispense(SimpleObjectDispenser.java:25)
	at org.testng.internal.objects.GuiceBasedObjectDispenser.dispense(GuiceBasedObjectDispenser.java:30)
	at org.testng.internal.ClassImpl.getDefaultInstance(ClassImpl.java:112)
	at org.testng.internal.ClassImpl.getInstances(ClassImpl.java:165)
	at org.testng.TestClass.getInstances(TestClass.java:122)
	at org.testng.TestClass.initTestClassesAndInstances(TestClass.java:102)
	at org.testng.TestClass.init(TestClass.java:94)
	at org.testng.TestClass.<init>(TestClass.java:59)
	at org.testng.TestRunner.initMethods(TestRunner.java:463)
	at org.testng.TestRunner.init(TestRunner.java:339)
	at org.testng.TestRunner.init(TestRunner.java:292)
	at org.testng.TestRunner.<init>(TestRunner.java:183)
	at org.testng.SuiteRunner$DefaultTestRunnerFactory.newTestRunner(SuiteRunner.java:596)
	at org.testng.SuiteRunner.init(SuiteRunner.java:173)
	at org.testng.SuiteRunner.<init>(SuiteRunner.java:107)
	at org.testng.TestNG.createSuiteRunner(TestNG.java:1300)
	at org.testng.TestNG.createSuiteRunners(TestNG.java:1276)
	at org.testng.TestNG.runSuitesLocally(TestNG.java:1125)
	at org.testng.TestNG.runSuites(TestNG.java:1063)
	at org.testng.TestNG.run(TestNG.java:1031)
	at org.apache.maven.surefire.testng.TestNGExecutor.run(TestNGExecutor.java:135)
	at org.apache.maven.surefire.testng.TestNGDirectoryTestSuite.executeMulti(TestNGDirectoryTestSuite.java:193)
	at org.apache.maven.surefire.testng.TestNGDirectoryTestSuite.execute(TestNGDirectoryTestSuite.java:94)
	at org.apache.maven.surefire.testng.TestNGProvider.invoke(TestNGProvider.java:146)
	at org.apache.maven.surefire.booter.ForkedBooter.invokeProviderInSameClassLoader(ForkedBooter.java:384)
	at org.apache.maven.surefire.booter.ForkedBooter.runSuitesInProcess(ForkedBooter.java:345)
	at org.apache.maven.surefire.booter.ForkedBooter.execute(ForkedBooter.java:126)
	at org.apache.maven.surefire.booter.ForkedBooter.main(ForkedBooter.java:418)
java.io.FileNotFoundException: C:\Users\MDinc\pullreq\AmaxAllWebApps\src\main\java\com\amaxweb\config\config.properties (The system cannot find the path specified)
	at java.base/java.io.FileInputStream.open0(Native Method)
	at java.base/java.io.FileInputStream.open(FileInputStream.java:219)
	at java.base/java.io.FileInputStream.<init>(FileInputStream.java:157)
	at java.base/java.io.FileInputStream.<init>(FileInputStream.java:112)
	at com.amaxweb.base.TestBase.<init>(TestBase.java:31)
	at com.amaxinsurance.testcases.NotaryServicesQuotePageTitleTest.<init>(NotaryServicesQuotePageTitleTest.java:11)
	at java.base/jdk.internal.reflect.NativeConstructorAccessorImpl.newInstance0(Native Method)
	at java.base/jdk.internal.reflect.NativeConstructorAccessorImpl.newInstance(NativeConstructorAccessorImpl.java:62)
	at java.base/jdk.internal.reflect.DelegatingConstructorAccessorImpl.newInstance(DelegatingConstructorAccessorImpl.java:45)
	at java.base/java.lang.reflect.Constructor.newInstance(Constructor.java:490)
	at org.testng.internal.ObjectFactoryImpl.newInstance(ObjectFactoryImpl.java:23)
	at org.testng.internal.InstanceCreator.instantiateUsingDefaultConstructor(InstanceCreator.java:193)
	at org.testng.internal.InstanceCreator.createInstanceUsingObjectFactory(InstanceCreator.java:113)
	at org.testng.internal.InstanceCreator.createInstance(InstanceCreator.java:79)
	at org.testng.internal.objects.SimpleObjectDispenser.dispense(SimpleObjectDispenser.java:25)
	at org.testng.internal.objects.GuiceBasedObjectDispenser.dispense(GuiceBasedObjectDispenser.java:30)
	at org.testng.internal.ClassImpl.getDefaultInstance(ClassImpl.java:112)
	at org.testng.internal.ClassImpl.getInstances(ClassImpl.java:165)
	at org.testng.TestClass.getInstances(TestClass.java:122)
	at org.testng.TestClass.initTestClassesAndInstances(TestClass.java:102)
	at org.testng.TestClass.init(TestClass.java:94)
	at org.testng.TestClass.<init>(TestClass.java:59)
	at org.testng.TestRunner.initMethods(TestRunner.java:463)
	at org.testng.TestRunner.init(TestRunner.java:339)
	at org.testng.TestRunner.init(TestRunner.java:292)
	at org.testng.TestRunner.<init>(TestRunner.java:183)
	at org.testng.SuiteRunner$DefaultTestRunnerFactory.newTestRunner(SuiteRunner.java:596)
	at org.testng.SuiteRunner.init(SuiteRunner.java:173)
	at org.testng.SuiteRunner.<init>(SuiteRunner.java:107)
	at org.testng.TestNG.createSuiteRunner(TestNG.java:1300)
	at org.testng.TestNG.createSuiteRunners(TestNG.java:1276)
	at org.testng.TestNG.runSuitesLocally(TestNG.java:1125)
	at org.testng.TestNG.runSuites(TestNG.java:1063)
	at org.testng.TestNG.run(TestNG.java:1031)
	at org.apache.maven.surefire.testng.TestNGExecutor.run(TestNGExecutor.java:135)
	at org.apache.maven.surefire.testng.TestNGDirectoryTestSuite.executeMulti(TestNGDirectoryTestSuite.java:193)
	at org.apache.maven.surefire.testng.TestNGDirectoryTestSuite.execute(TestNGDirectoryTestSuite.java:94)
	at org.apache.maven.surefire.testng.TestNGProvider.invoke(TestNGProvider.java:146)
	at org.apache.maven.surefire.booter.ForkedBooter.invokeProviderInSameClassLoader(ForkedBooter.java:384)
	at org.apache.maven.surefire.booter.ForkedBooter.runSuitesInProcess(ForkedBooter.java:345)
	at org.apache.maven.surefire.booter.ForkedBooter.execute(ForkedBooter.java:126)
	at org.apache.maven.surefire.booter.ForkedBooter.main(ForkedBooter.java:418)
java.io.FileNotFoundException: C:\Users\MDinc\pullreq\AmaxAllWebApps\src\main\java\com\amaxweb\config\config.properties (The system cannot find the path specified)
	at java.base/java.io.FileInputStream.open0(Native Method)
	at java.base/java.io.FileInputStream.open(FileInputStream.java:219)
	at java.base/java.io.FileInputStream.<init>(FileInputStream.java:157)
	at java.base/java.io.FileInputStream.<init>(FileInputStream.java:112)
	at com.amaxweb.base.TestBase.<init>(TestBase.java:31)
	at com.amaxinsurance.testcases.ReferralPageTest.<init>(ReferralPageTest.java:14)
	at java.base/jdk.internal.reflect.NativeConstructorAccessorImpl.newInstance0(Native Method)
	at java.base/jdk.internal.reflect.NativeConstructorAccessorImpl.newInstance(NativeConstructorAccessorImpl.java:62)
	at java.base/jdk.internal.reflect.DelegatingConstructorAccessorImpl.newInstance(DelegatingConstructorAccessorImpl.java:45)
	at java.base/java.lang.reflect.Constructor.newInstance(Constructor.java:490)
	at org.testng.internal.ObjectFactoryImpl.newInstance(ObjectFactoryImpl.java:23)
	at org.testng.internal.InstanceCreator.instantiateUsingDefaultConstructor(InstanceCreator.java:193)
	at org.testng.internal.InstanceCreator.createInstanceUsingObjectFactory(InstanceCreator.java:113)
	at org.testng.internal.InstanceCreator.createInstance(InstanceCreator.java:79)
	at org.testng.internal.objects.SimpleObjectDispenser.dispense(SimpleObjectDispenser.java:25)
	at org.testng.internal.objects.GuiceBasedObjectDispenser.dispense(GuiceBasedObjectDispenser.java:30)
	at org.testng.internal.ClassImpl.getDefaultInstance(ClassImpl.java:112)
	at org.testng.internal.ClassImpl.getInstances(ClassImpl.java:165)
	at org.testng.TestClass.getInstances(TestClass.java:122)
	at org.testng.TestClass.initTestClassesAndInstances(TestClass.java:102)
	at org.testng.TestClass.init(TestClass.java:94)
	at org.testng.TestClass.<init>(TestClass.java:59)
	at org.testng.TestRunner.initMethods(TestRunner.java:463)
	at org.testng.TestRunner.init(TestRunner.java:339)
	at org.testng.TestRunner.init(TestRunner.java:292)
	at org.testng.TestRunner.<init>(TestRunner.java:183)
	at org.testng.SuiteRunner$DefaultTestRunnerFactory.newTestRunner(SuiteRunner.java:596)
	at org.testng.SuiteRunner.init(SuiteRunner.java:173)
	at org.testng.SuiteRunner.<init>(SuiteRunner.java:107)
	at org.testng.TestNG.createSuiteRunner(TestNG.java:1300)
	at org.testng.TestNG.createSuiteRunners(TestNG.java:1276)
	at org.testng.TestNG.runSuitesLocally(TestNG.java:1125)
	at org.testng.TestNG.runSuites(TestNG.java:1063)
	at org.testng.TestNG.run(TestNG.java:1031)
	at org.apache.maven.surefire.testng.TestNGExecutor.run(TestNGExecutor.java:135)
	at org.apache.maven.surefire.testng.TestNGDirectoryTestSuite.executeMulti(TestNGDirectoryTestSuite.java:193)
	at org.apache.maven.surefire.testng.TestNGDirectoryTestSuite.execute(TestNGDirectoryTestSuite.java:94)
	at org.apache.maven.surefire.testng.TestNGProvider.invoke(TestNGProvider.java:146)
	at org.apache.maven.surefire.booter.ForkedBooter.invokeProviderInSameClassLoader(ForkedBooter.java:384)
	at org.apache.maven.surefire.booter.ForkedBooter.runSuitesInProcess(ForkedBooter.java:345)
	at org.apache.maven.surefire.booter.ForkedBooter.execute(ForkedBooter.java:126)
	at org.apache.maven.surefire.booter.ForkedBooter.main(ForkedBooter.java:418)
java.io.FileNotFoundException: C:\Users\MDinc\pullreq\AmaxAllWebApps\src\main\java\com\amaxweb\config\config.properties (The system cannot find the path specified)
	at java.base/java.io.FileInputStream.open0(Native Method)
	at java.base/java.io.FileInputStream.open(FileInputStream.java:219)
	at java.base/java.io.FileInputStream.<init>(FileInputStream.java:157)
	at java.base/java.io.FileInputStream.<init>(FileInputStream.java:112)
	at com.amaxweb.base.TestBase.<init>(TestBase.java:31)
	at com.amaxinsurance.testcases.RentersQuotePageTitleTest.<init>(RentersQuotePageTitleTest.java:11)
	at java.base/jdk.internal.reflect.NativeConstructorAccessorImpl.newInstance0(Native Method)
	at java.base/jdk.internal.reflect.NativeConstructorAccessorImpl.newInstance(NativeConstructorAccessorImpl.java:62)
	at java.base/jdk.internal.reflect.DelegatingConstructorAccessorImpl.newInstance(DelegatingConstructorAccessorImpl.java:45)
	at java.base/java.lang.reflect.Constructor.newInstance(Constructor.java:490)
	at org.testng.internal.ObjectFactoryImpl.newInstance(ObjectFactoryImpl.java:23)
	at org.testng.internal.InstanceCreator.instantiateUsingDefaultConstructor(InstanceCreator.java:193)
	at org.testng.internal.InstanceCreator.createInstanceUsingObjectFactory(InstanceCreator.java:113)
	at org.testng.internal.InstanceCreator.createInstance(InstanceCreator.java:79)
	at org.testng.internal.objects.SimpleObjectDispenser.dispense(SimpleObjectDispenser.java:25)
	at org.testng.internal.objects.GuiceBasedObjectDispenser.dispense(GuiceBasedObjectDispenser.java:30)
	at org.testng.internal.ClassImpl.getDefaultInstance(ClassImpl.java:112)
	at org.testng.internal.ClassImpl.getInstances(ClassImpl.java:165)
	at org.testng.TestClass.getInstances(TestClass.java:122)
	at org.testng.TestClass.initTestClassesAndInstances(TestClass.java:102)
	at org.testng.TestClass.init(TestClass.java:94)
	at org.testng.TestClass.<init>(TestClass.java:59)
	at org.testng.TestRunner.initMethods(TestRunner.java:463)
	at org.testng.TestRunner.init(TestRunner.java:339)
	at org.testng.TestRunner.init(TestRunner.java:292)
	at org.testng.TestRunner.<init>(TestRunner.java:183)
	at org.testng.SuiteRunner$DefaultTestRunnerFactory.newTestRunner(SuiteRunner.java:596)
	at org.testng.SuiteRunner.init(SuiteRunner.java:173)
	at org.testng.SuiteRunner.<init>(SuiteRunner.java:107)
	at org.testng.TestNG.createSuiteRunner(TestNG.java:1300)
	at org.testng.TestNG.createSuiteRunners(TestNG.java:1276)
	at org.testng.TestNG.runSuitesLocally(TestNG.java:1125)
	at org.testng.TestNG.runSuites(TestNG.java:1063)
	at org.testng.TestNG.run(TestNG.java:1031)
	at org.apache.maven.surefire.testng.TestNGExecutor.run(TestNGExecutor.java:135)
	at org.apache.maven.surefire.testng.TestNGDirectoryTestSuite.executeMulti(TestNGDirectoryTestSuite.java:193)
	at org.apache.maven.surefire.testng.TestNGDirectoryTestSuite.execute(TestNGDirectoryTestSuite.java:94)
	at org.apache.maven.surefire.testng.TestNGProvider.invoke(TestNGProvider.java:146)
	at org.apache.maven.surefire.booter.ForkedBooter.invokeProviderInSameClassLoader(ForkedBooter.java:384)
	at org.apache.maven.surefire.booter.ForkedBooter.runSuitesInProcess(ForkedBooter.java:345)
	at org.apache.maven.surefire.booter.ForkedBooter.execute(ForkedBooter.java:126)
	at org.apache.maven.surefire.booter.ForkedBooter.main(ForkedBooter.java:418)
java.io.FileNotFoundException: C:\Users\MDinc\pullreq\AmaxAllWebApps\src\main\java\com\amaxweb\config\config.properties (The system cannot find the path specified)
	at java.base/java.io.FileInputStream.open0(Native Method)
	at java.base/java.io.FileInputStream.open(FileInputStream.java:219)
	at java.base/java.io.FileInputStream.<init>(FileInputStream.java:157)
	at java.base/java.io.FileInputStream.<init>(FileInputStream.java:112)
	at com.amaxweb.base.TestBase.<init>(TestBase.java:31)
	at com.amaxinsurance.testcases.RVQuotePageTitleTest.<init>(RVQuotePageTitleTest.java:10)
	at java.base/jdk.internal.reflect.NativeConstructorAccessorImpl.newInstance0(Native Method)
	at java.base/jdk.internal.reflect.NativeConstructorAccessorImpl.newInstance(NativeConstructorAccessorImpl.java:62)
	at java.base/jdk.internal.reflect.DelegatingConstructorAccessorImpl.newInstance(DelegatingConstructorAccessorImpl.java:45)
	at java.base/java.lang.reflect.Constructor.newInstance(Constructor.java:490)
	at org.testng.internal.ObjectFactoryImpl.newInstance(ObjectFactoryImpl.java:23)
	at org.testng.internal.InstanceCreator.instantiateUsingDefaultConstructor(InstanceCreator.java:193)
	at org.testng.internal.InstanceCreator.createInstanceUsingObjectFactory(InstanceCreator.java:113)
	at org.testng.internal.InstanceCreator.createInstance(InstanceCreator.java:79)
	at org.testng.internal.objects.SimpleObjectDispenser.dispense(SimpleObjectDispenser.java:25)
	at org.testng.internal.objects.GuiceBasedObjectDispenser.dispense(GuiceBasedObjectDispenser.java:30)
	at org.testng.internal.ClassImpl.getDefaultInstance(ClassImpl.java:112)
	at org.testng.internal.ClassImpl.getInstances(ClassImpl.java:165)
	at org.testng.TestClass.getInstances(TestClass.java:122)
	at org.testng.TestClass.initTestClassesAndInstances(TestClass.java:102)
	at org.testng.TestClass.init(TestClass.java:94)
	at org.testng.TestClass.<init>(TestClass.java:59)
	at org.testng.TestRunner.initMethods(TestRunner.java:463)
	at org.testng.TestRunner.init(TestRunner.java:339)
	at org.testng.TestRunner.init(TestRunner.java:292)
	at org.testng.TestRunner.<init>(TestRunner.java:183)
	at org.testng.SuiteRunner$DefaultTestRunnerFactory.newTestRunner(SuiteRunner.java:596)
	at org.testng.SuiteRunner.init(SuiteRunner.java:173)
	at org.testng.SuiteRunner.<init>(SuiteRunner.java:107)
	at org.testng.TestNG.createSuiteRunner(TestNG.java:1300)
	at org.testng.TestNG.createSuiteRunners(TestNG.java:1276)
	at org.testng.TestNG.runSuitesLocally(TestNG.java:1125)
	at org.testng.TestNG.runSuites(TestNG.java:1063)
	at org.testng.TestNG.run(TestNG.java:1031)
	at org.apache.maven.surefire.testng.TestNGExecutor.run(TestNGExecutor.java:135)
	at org.apache.maven.surefire.testng.TestNGDirectoryTestSuite.executeMulti(TestNGDirectoryTestSuite.java:193)
	at org.apache.maven.surefire.testng.TestNGDirectoryTestSuite.execute(TestNGDirectoryTestSuite.java:94)
	at org.apache.maven.surefire.testng.TestNGProvider.invoke(TestNGProvider.java:146)
	at org.apache.maven.surefire.booter.ForkedBooter.invokeProviderInSameClassLoader(ForkedBooter.java:384)
	at org.apache.maven.surefire.booter.ForkedBooter.runSuitesInProcess(ForkedBooter.java:345)
	at org.apache.maven.surefire.booter.ForkedBooter.execute(ForkedBooter.java:126)
	at org.apache.maven.surefire.booter.ForkedBooter.main(ForkedBooter.java:418)
java.io.FileNotFoundException: C:\Users\MDinc\pullreq\AmaxAllWebApps\src\main\java\com\amaxweb\config\config.properties (The system cannot find the path specified)
	at java.base/java.io.FileInputStream.open0(Native Method)
	at java.base/java.io.FileInputStream.open(FileInputStream.java:219)
	at java.base/java.io.FileInputStream.<init>(FileInputStream.java:157)
	at java.base/java.io.FileInputStream.<init>(FileInputStream.java:112)
	at com.amaxweb.base.TestBase.<init>(TestBase.java:31)
	at com.amaxinsurance.testcases.Sr22QuotePageTitleTest.<init>(Sr22QuotePageTitleTest.java:11)
	at java.base/jdk.internal.reflect.NativeConstructorAccessorImpl.newInstance0(Native Method)
	at java.base/jdk.internal.reflect.NativeConstructorAccessorImpl.newInstance(NativeConstructorAccessorImpl.java:62)
	at java.base/jdk.internal.reflect.DelegatingConstructorAccessorImpl.newInstance(DelegatingConstructorAccessorImpl.java:45)
	at java.base/java.lang.reflect.Constructor.newInstance(Constructor.java:490)
	at org.testng.internal.ObjectFactoryImpl.newInstance(ObjectFactoryImpl.java:23)
	at org.testng.internal.InstanceCreator.instantiateUsingDefaultConstructor(InstanceCreator.java:193)
	at org.testng.internal.InstanceCreator.createInstanceUsingObjectFactory(InstanceCreator.java:113)
	at org.testng.internal.InstanceCreator.createInstance(InstanceCreator.java:79)
	at org.testng.internal.objects.SimpleObjectDispenser.dispense(SimpleObjectDispenser.java:25)
	at org.testng.internal.objects.GuiceBasedObjectDispenser.dispense(GuiceBasedObjectDispenser.java:30)
	at org.testng.internal.ClassImpl.getDefaultInstance(ClassImpl.java:112)
	at org.testng.internal.ClassImpl.getInstances(ClassImpl.java:165)
	at org.testng.TestClass.getInstances(TestClass.java:122)
	at org.testng.TestClass.initTestClassesAndInstances(TestClass.java:102)
	at org.testng.TestClass.init(TestClass.java:94)
	at org.testng.TestClass.<init>(TestClass.java:59)
	at org.testng.TestRunner.initMethods(TestRunner.java:463)
	at org.testng.TestRunner.init(TestRunner.java:339)
	at org.testng.TestRunner.init(TestRunner.java:292)
	at org.testng.TestRunner.<init>(TestRunner.java:183)
	at org.testng.SuiteRunner$DefaultTestRunnerFactory.newTestRunner(SuiteRunner.java:596)
	at org.testng.SuiteRunner.init(SuiteRunner.java:173)
	at org.testng.SuiteRunner.<init>(SuiteRunner.java:107)
	at org.testng.TestNG.createSuiteRunner(TestNG.java:1300)
	at org.testng.TestNG.createSuiteRunners(TestNG.java:1276)
	at org.testng.TestNG.runSuitesLocally(TestNG.java:1125)
	at org.testng.TestNG.runSuites(TestNG.java:1063)
	at org.testng.TestNG.run(TestNG.java:1031)
	at org.apache.maven.surefire.testng.TestNGExecutor.run(TestNGExecutor.java:135)
	at org.apache.maven.surefire.testng.TestNGDirectoryTestSuite.executeMulti(TestNGDirectoryTestSuite.java:193)
	at org.apache.maven.surefire.testng.TestNGDirectoryTestSuite.execute(TestNGDirectoryTestSuite.java:94)
	at org.apache.maven.surefire.testng.TestNGProvider.invoke(TestNGProvider.java:146)
	at org.apache.maven.surefire.booter.ForkedBooter.invokeProviderInSameClassLoader(ForkedBooter.java:384)
	at org.apache.maven.surefire.booter.ForkedBooter.runSuitesInProcess(ForkedBooter.java:345)
	at org.apache.maven.surefire.booter.ForkedBooter.execute(ForkedBooter.java:126)
	at org.apache.maven.surefire.booter.ForkedBooter.main(ForkedBooter.java:418)
java.io.FileNotFoundException: C:\Users\MDinc\pullreq\AmaxAllWebApps\src\main\java\com\amaxweb\config\config.properties (The system cannot find the path specified)
	at java.base/java.io.FileInputStream.open0(Native Method)
	at java.base/java.io.FileInputStream.open(FileInputStream.java:219)
	at java.base/java.io.FileInputStream.<init>(FileInputStream.java:157)
	at java.base/java.io.FileInputStream.<init>(FileInputStream.java:112)
	at com.amaxweb.base.TestBase.<init>(TestBase.java:31)
	at com.amaxinsurance.testcases.SuretyBondQuotePageTitleTest.<init>(SuretyBondQuotePageTitleTest.java:11)
	at java.base/jdk.internal.reflect.NativeConstructorAccessorImpl.newInstance0(Native Method)
	at java.base/jdk.internal.reflect.NativeConstructorAccessorImpl.newInstance(NativeConstructorAccessorImpl.java:62)
	at java.base/jdk.internal.reflect.DelegatingConstructorAccessorImpl.newInstance(DelegatingConstructorAccessorImpl.java:45)
	at java.base/java.lang.reflect.Constructor.newInstance(Constructor.java:490)
	at org.testng.internal.ObjectFactoryImpl.newInstance(ObjectFactoryImpl.java:23)
	at org.testng.internal.InstanceCreator.instantiateUsingDefaultConstructor(InstanceCreator.java:193)
	at org.testng.internal.InstanceCreator.createInstanceUsingObjectFactory(InstanceCreator.java:113)
	at org.testng.internal.InstanceCreator.createInstance(InstanceCreator.java:79)
	at org.testng.internal.objects.SimpleObjectDispenser.dispense(SimpleObjectDispenser.java:25)
	at org.testng.internal.objects.GuiceBasedObjectDispenser.dispense(GuiceBasedObjectDispenser.java:30)
	at org.testng.internal.ClassImpl.getDefaultInstance(ClassImpl.java:112)
	at org.testng.internal.ClassImpl.getInstances(ClassImpl.java:165)
	at org.testng.TestClass.getInstances(TestClass.java:122)
	at org.testng.TestClass.initTestClassesAndInstances(TestClass.java:102)
	at org.testng.TestClass.init(TestClass.java:94)
	at org.testng.TestClass.<init>(TestClass.java:59)
	at org.testng.TestRunner.initMethods(TestRunner.java:463)
	at org.testng.TestRunner.init(TestRunner.java:339)
	at org.testng.TestRunner.init(TestRunner.java:292)
	at org.testng.TestRunner.<init>(TestRunner.java:183)
	at org.testng.SuiteRunner$DefaultTestRunnerFactory.newTestRunner(SuiteRunner.java:596)
	at org.testng.SuiteRunner.init(SuiteRunner.java:173)
	at org.testng.SuiteRunner.<init>(SuiteRunner.java:107)
	at org.testng.TestNG.createSuiteRunner(TestNG.java:1300)
	at org.testng.TestNG.createSuiteRunners(TestNG.java:1276)
	at org.testng.TestNG.runSuitesLocally(TestNG.java:1125)
	at org.testng.TestNG.runSuites(TestNG.java:1063)
	at org.testng.TestNG.run(TestNG.java:1031)
	at org.apache.maven.surefire.testng.TestNGExecutor.run(TestNGExecutor.java:135)
	at org.apache.maven.surefire.testng.TestNGDirectoryTestSuite.executeMulti(TestNGDirectoryTestSuite.java:193)
	at org.apache.maven.surefire.testng.TestNGDirectoryTestSuite.execute(TestNGDirectoryTestSuite.java:94)
	at org.apache.maven.surefire.testng.TestNGProvider.invoke(TestNGProvider.java:146)
	at org.apache.maven.surefire.booter.ForkedBooter.invokeProviderInSameClassLoader(ForkedBooter.java:384)
	at org.apache.maven.surefire.booter.ForkedBooter.runSuitesInProcess(ForkedBooter.java:345)
	at org.apache.maven.surefire.booter.ForkedBooter.execute(ForkedBooter.java:126)
	at org.apache.maven.surefire.booter.ForkedBooter.main(ForkedBooter.java:418)
java.io.FileNotFoundException: C:\Users\MDinc\pullreq\AmaxAllWebApps\src\main\java\com\amaxweb\config\config.properties (The system cannot find the path specified)
	at java.base/java.io.FileInputStream.open0(Native Method)
	at java.base/java.io.FileInputStream.open(FileInputStream.java:219)
	at java.base/java.io.FileInputStream.<init>(FileInputStream.java:157)
	at java.base/java.io.FileInputStream.<init>(FileInputStream.java:112)
	at com.amaxweb.base.TestBase.<init>(TestBase.java:31)
	at com.quote.amaxinsurance.testcases.GetQuoteDriversLicenseInputTest.<init>(GetQuoteDriversLicenseInputTest.java:15)
	at java.base/jdk.internal.reflect.NativeConstructorAccessorImpl.newInstance0(Native Method)
	at java.base/jdk.internal.reflect.NativeConstructorAccessorImpl.newInstance(NativeConstructorAccessorImpl.java:62)
	at java.base/jdk.internal.reflect.DelegatingConstructorAccessorImpl.newInstance(DelegatingConstructorAccessorImpl.java:45)
	at java.base/java.lang.reflect.Constructor.newInstance(Constructor.java:490)
	at org.testng.internal.ObjectFactoryImpl.newInstance(ObjectFactoryImpl.java:23)
	at org.testng.internal.InstanceCreator.instantiateUsingDefaultConstructor(InstanceCreator.java:193)
	at org.testng.internal.InstanceCreator.createInstanceUsingObjectFactory(InstanceCreator.java:113)
	at org.testng.internal.InstanceCreator.createInstance(InstanceCreator.java:79)
	at org.testng.internal.objects.SimpleObjectDispenser.dispense(SimpleObjectDispenser.java:25)
	at org.testng.internal.objects.GuiceBasedObjectDispenser.dispense(GuiceBasedObjectDispenser.java:30)
	at org.testng.internal.ClassImpl.getDefaultInstance(ClassImpl.java:112)
	at org.testng.internal.ClassImpl.getInstances(ClassImpl.java:165)
	at org.testng.TestClass.getInstances(TestClass.java:122)
	at org.testng.TestClass.initTestClassesAndInstances(TestClass.java:102)
	at org.testng.TestClass.init(TestClass.java:94)
	at org.testng.TestClass.<init>(TestClass.java:59)
	at org.testng.TestRunner.initMethods(TestRunner.java:463)
	at org.testng.TestRunner.init(TestRunner.java:339)
	at org.testng.TestRunner.init(TestRunner.java:292)
	at org.testng.TestRunner.<init>(TestRunner.java:183)
	at org.testng.SuiteRunner$DefaultTestRunnerFactory.newTestRunner(SuiteRunner.java:596)
	at org.testng.SuiteRunner.init(SuiteRunner.java:173)
	at org.testng.SuiteRunner.<init>(SuiteRunner.java:107)
	at org.testng.TestNG.createSuiteRunner(TestNG.java:1300)
	at org.testng.TestNG.createSuiteRunners(TestNG.java:1276)
	at org.testng.TestNG.runSuitesLocally(TestNG.java:1125)
	at org.testng.TestNG.runSuites(TestNG.java:1063)
	at org.testng.TestNG.run(TestNG.java:1031)
	at org.apache.maven.surefire.testng.TestNGExecutor.run(TestNGExecutor.java:135)
	at org.apache.maven.surefire.testng.TestNGDirectoryTestSuite.executeMulti(TestNGDirectoryTestSuite.java:193)
	at org.apache.maven.surefire.testng.TestNGDirectoryTestSuite.execute(TestNGDirectoryTestSuite.java:94)
	at org.apache.maven.surefire.testng.TestNGProvider.invoke(TestNGProvider.java:146)
	at org.apache.maven.surefire.booter.ForkedBooter.invokeProviderInSameClassLoader(ForkedBooter.java:384)
	at org.apache.maven.surefire.booter.ForkedBooter.runSuitesInProcess(ForkedBooter.java:345)
	at org.apache.maven.surefire.booter.ForkedBooter.execute(ForkedBooter.java:126)
	at org.apache.maven.surefire.booter.ForkedBooter.main(ForkedBooter.java:418)
java.io.FileNotFoundException: C:\Users\MDinc\pullreq\AmaxAllWebApps\src\main\java\com\amaxweb\config\config.properties (The system cannot find the path specified)
	at java.base/java.io.FileInputStream.open0(Native Method)
	at java.base/java.io.FileInputStream.open(FileInputStream.java:219)
	at java.base/java.io.FileInputStream.<init>(FileInputStream.java:157)
	at java.base/java.io.FileInputStream.<init>(FileInputStream.java:112)
	at com.amaxweb.base.TestBase.<init>(TestBase.java:31)
	at com.quote.amaxinsurance.testcases.GetQuoteManuallyTest.<init>(GetQuoteManuallyTest.java:15)
	at java.base/jdk.internal.reflect.NativeConstructorAccessorImpl.newInstance0(Native Method)
	at java.base/jdk.internal.reflect.NativeConstructorAccessorImpl.newInstance(NativeConstructorAccessorImpl.java:62)
	at java.base/jdk.internal.reflect.DelegatingConstructorAccessorImpl.newInstance(DelegatingConstructorAccessorImpl.java:45)
	at java.base/java.lang.reflect.Constructor.newInstance(Constructor.java:490)
	at org.testng.internal.ObjectFactoryImpl.newInstance(ObjectFactoryImpl.java:23)
	at org.testng.internal.InstanceCreator.instantiateUsingDefaultConstructor(InstanceCreator.java:193)
	at org.testng.internal.InstanceCreator.createInstanceUsingObjectFactory(InstanceCreator.java:113)
	at org.testng.internal.InstanceCreator.createInstance(InstanceCreator.java:79)
	at org.testng.internal.objects.SimpleObjectDispenser.dispense(SimpleObjectDispenser.java:25)
	at org.testng.internal.objects.GuiceBasedObjectDispenser.dispense(GuiceBasedObjectDispenser.java:30)
	at org.testng.internal.ClassImpl.getDefaultInstance(ClassImpl.java:112)
	at org.testng.internal.ClassImpl.getInstances(ClassImpl.java:165)
	at org.testng.TestClass.getInstances(TestClass.java:122)
	at org.testng.TestClass.initTestClassesAndInstances(TestClass.java:102)
	at org.testng.TestClass.init(TestClass.java:94)
	at org.testng.TestClass.<init>(TestClass.java:59)
	at org.testng.TestRunner.initMethods(TestRunner.java:463)
	at org.testng.TestRunner.init(TestRunner.java:339)
	at org.testng.TestRunner.init(TestRunner.java:292)
	at org.testng.TestRunner.<init>(TestRunner.java:183)
[...]
    <skipped/>
  </testcase>
  <testcase name="setUp" classname="com.amaxinsurance.testcases.aboutamax.NewsAndEventsPageTitleTest" time="0.001">
    <failure type="java.lang.NullPointerException">java.lang.NullPointerException
	at com.amaxinsurance.testcases.aboutamax.NewsAndEventsPageTitleTest.setUp(NewsAndEventsPageTitleTest.java:21)
</failure>
  </testcase>
  <testcase name="verifyNewsAndEventsPageTitleTest" classname="com.amaxinsurance.testcases.aboutamax.NewsAndEventsPageTitleTest" time="0">
    <skipped/>
  </testcase>
  <testcase name="tearDown" classname="com.amaxinsurance.testcases.aboutamax.NewsAndEventsPageTitleTest" time="0">
    <skipped/>
  </testcase>
  <testcase name="setUp" classname="com.amaxinsurance.testcases.aboutamax.OurCompanyPageTitleTest" time="0.001">
    <failure type="java.lang.NullPointerException">java.lang.NullPointerException
	at com.amaxinsurance.testcases.aboutamax.OurCompanyPageTitleTest.setUp(OurCompanyPageTitleTest.java:21)
</failure>
  </testcase>
  <testcase name="verifyOurCompanyPageTitleTest" classname="com.amaxinsurance.testcases.aboutamax.OurCompanyPageTitleTest" time="0">
    <skipped/>
  </testcase>
  <testcase name="tearDown" classname="com.amaxinsurance.testcases.aboutamax.OurCompanyPageTitleTest" time="0">
    <skipped/>
  </testcase>
  <testcase name="setUp" classname="com.amaxinsurance.testcases.BoatsAndWatercraftQuotePageTitleTest" time="0.001">
    <failure type="java.lang.NullPointerException">java.lang.NullPointerException
	at com.amaxinsurance.testcases.BoatsAndWatercraftQuotePageTitleTest.setUp(BoatsAndWatercraftQuotePageTitleTest.java:21)
</failure>
  </testcase>
  <testcase name="verifyBoatsAndWCPageTitletest" classname="com.amaxinsurance.testcases.BoatsAndWatercraftQuotePageTitleTest" time="0">
    <skipped/>
  </testcase>
  <testcase name="tearDown" classname="com.amaxinsurance.testcases.BoatsAndWatercraftQuotePageTitleTest" time="0">
    <skipped/>
  </testcase>
  <testcase name="setUp" classname="com.amaxinsurance.testcases.CommercialAutoQuotePageTitleTest" time="0">
    <failure type="java.lang.NullPointerException">java.lang.NullPointerException
	at com.amaxinsurance.testcases.CommercialAutoQuotePageTitleTest.setUp(CommercialAutoQuotePageTitleTest.java:23)
</failure>
  </testcase>
  <testcase name="verifycommAutoPageTitleTest" classname="com.amaxinsurance.testcases.CommercialAutoQuotePageTitleTest" time="0">
    <skipped/>
  </testcase>
  <testcase name="tearDown" classname="com.amaxinsurance.testcases.CommercialAutoQuotePageTitleTest" time="0">
    <skipped/>
  </testcase>
  <testcase name="setUp" classname="com.amaxinsurance.testcases.ContactUsPageTitleTest" time="0.001">
    <failure type="java.lang.NullPointerException">java.lang.NullPointerException
	at com.amaxinsurance.testcases.ContactUsPageTitleTest.setUp(ContactUsPageTitleTest.java:21)
</failure>
  </testcase>
  <testcase name="verifyContactUsPageTitletest" classname="com.amaxinsurance.testcases.ContactUsPageTitleTest" time="0">
    <skipped/>
  </testcase>
  <testcase name="tearDown" classname="com.amaxinsurance.testcases.ContactUsPageTitleTest" time="0">
    <skipped/>
  </testcase>
  <testcase name="setUp" classname="com.amaxinsurance.testcases.FindAnOfficePageTest" time="0.001">
    <failure type="java.lang.NullPointerException">java.lang.NullPointerException
	at com.amaxinsurance.testcases.FindAnOfficePageTest.setUp(FindAnOfficePageTest.java:24)
</failure>
  </testcase>
  <testcase name="verifyFindAnOfficeTitleTest" classname="com.amaxinsurance.testcases.FindAnOfficePageTest" time="0">
    <skipped/>
  </testcase>
  <testcase name="tearDown" classname="com.amaxinsurance.testcases.FindAnOfficePageTest" time="0">
    <skipped/>
  </testcase>
  <testcase name="setUp" classname="com.amaxinsurance.testcases.GeneralLiabilityQuotePageTitleTest" time="0.001">
    <failure type="java.lang.NullPointerException">java.lang.NullPointerException
	at com.amaxinsurance.testcases.GeneralLiabilityQuotePageTitleTest.setUp(GeneralLiabilityQuotePageTitleTest.java:19)
</failure>
  </testcase>
  <testcase name="verifyGeneralLiabilityQuotePageTitleTest" classname="com.amaxinsurance.testcases.GeneralLiabilityQuotePageTitleTest" time="0">
    <skipped/>
  </testcase>
  <testcase name="tearDown" classname="com.amaxinsurance.testcases.GeneralLiabilityQuotePageTitleTest" time="0">
    <skipped/>
  </testcase>
  <testcase name="setUp" classname="com.amaxinsurance.testcases.HomeownersQuotepageTitleTest" time="0.001">
    <failure type="java.lang.NullPointerException">java.lang.NullPointerException
	at com.amaxinsurance.testcases.HomeownersQuotepageTitleTest.setUp(HomeownersQuotepageTitleTest.java:21)
</failure>
  </testcase>
  <testcase name="verifyHomeownersQuotepageTitleTest" classname="com.amaxinsurance.testcases.HomeownersQuotepageTitleTest" time="0">
    <skipped/>
  </testcase>
  <testcase name="tearDown" classname="com.amaxinsurance.testcases.HomeownersQuotepageTitleTest" time="0">
    <skipped/>
  </testcase>
  <testcase name="setUp" classname="com.amaxinsurance.testcases.MakeAClaimPageTest" time="0.001">
    <failure type="java.lang.NullPointerException">java.lang.NullPointerException
	at com.amaxinsurance.testcases.MakeAClaimPageTest.setUp(MakeAClaimPageTest.java:21)
</failure>
  </testcase>
  <testcase name="verifyMakeAClaimPageTitleTest" classname="com.amaxinsurance.testcases.MakeAClaimPageTest" time="0">
    <skipped/>
  </testcase>
  <testcase name="tearDown" classname="com.amaxinsurance.testcases.MakeAClaimPageTest" time="0">
    <skipped/>
  </testcase>
  <testcase name="setUp" classname="com.amaxinsurance.testcases.MakeAPaymentPageTest" time="0.002">
    <failure type="java.lang.NullPointerException">java.lang.NullPointerException
	at com.amaxinsurance.testcases.MakeAPaymentPageTest.setUp(MakeAPaymentPageTest.java:21)
</failure>
  </testcase>
  <testcase name="verifyMakeAPaymentPageTitleTest" classname="com.amaxinsurance.testcases.MakeAPaymentPageTest" time="0">
    <skipped/>
  </testcase>
  <testcase name="tearDown" classname="com.amaxinsurance.testcases.MakeAPaymentPageTest" time="0">
    <skipped/>
  </testcase>
  <testcase name="setUp" classname="com.amaxinsurance.testcases.MexicoTouristQuotePageTitleTest" time="0.001">
    <failure type="java.lang.NullPointerException">java.lang.NullPointerException
	at com.amaxinsurance.testcases.MexicoTouristQuotePageTitleTest.setUp(MexicoTouristQuotePageTitleTest.java:19)
</failure>
  </testcase>
  <testcase name="verifyMexicoTouristQuotePageTitleTest" classname="com.amaxinsurance.testcases.MexicoTouristQuotePageTitleTest" time="0">
    <skipped/>
  </testcase>
  <testcase name="tearDown" classname="com.amaxinsurance.testcases.MexicoTouristQuotePageTitleTest" time="0">
    <skipped/>
  </testcase>
  <testcase name="setUp" classname="com.amaxinsurance.testcases.MobileHomeQuotePageTitleTest" time="0.001">
    <failure type="java.lang.NullPointerException">java.lang.NullPointerException
	at com.amaxinsurance.testcases.MobileHomeQuotePageTitleTest.setUp(MobileHomeQuotePageTitleTest.java:16)
</failure>
  </testcase>
  <testcase name="verifyMobileHomeQuotePageTitleTest" classname="com.amaxinsurance.testcases.MobileHomeQuotePageTitleTest" time="0">
    <skipped/>
  </testcase>
  <testcase name="tearDown" classname="com.amaxinsurance.testcases.MobileHomeQuotePageTitleTest" time="0">
    <skipped/>
  </testcase>
  <testcase name="setUp" classname="com.amaxinsurance.testcases.MotorcycleQuotePageTest" time="0.001">
    <failure type="java.lang.NullPointerException">java.lang.NullPointerException
	at com.amaxinsurance.testcases.MotorcycleQuotePageTest.setUp(MotorcycleQuotePageTest.java:21)
</failure>
  </testcase>
  <testcase name="verifyMotorcyclePageTitleTest" classname="com.amaxinsurance.testcases.MotorcycleQuotePageTest" time="0">
    <skipped/>
  </testcase>
  <testcase name="tearDown" classname="com.amaxinsurance.testcases.MotorcycleQuotePageTest" time="0">
    <skipped/>
  </testcase>
  <testcase name="setUp" classname="com.amaxinsurance.testcases.NotaryServicesQuotePageTitleTest" time="0.001">
    <failure type="java.lang.NullPointerException">java.lang.NullPointerException
	at com.amaxinsurance.testcases.NotaryServicesQuotePageTitleTest.setUp(NotaryServicesQuotePageTitleTest.java:17)
</failure>
  </testcase>
  <testcase name="verifyNotaryServicesQuotePageTitleTest" classname="com.amaxinsurance.testcases.NotaryServicesQuotePageTitleTest" time="0">
    <skipped/>
  </testcase>
  <testcase name="tearDown" classname="com.amaxinsurance.testcases.NotaryServicesQuotePageTitleTest" time="0">
    <skipped/>
  </testcase>
  <testcase name="setUp" classname="com.amaxinsurance.testcases.ReferralPageTest" time="0.001">
    <failure type="java.lang.NullPointerException">java.lang.NullPointerException
	at com.amaxinsurance.testcases.ReferralPageTest.setUp(ReferralPageTest.java:19)
</failure>
  </testcase>
  <testcase name="homePageTitleTest" classname="com.amaxinsurance.testcases.ReferralPageTest" time="0">
    <skipped/>
  </testcase>
  <testcase name="tearDown" classname="com.amaxinsurance.testcases.ReferralPageTest" time="0">
    <skipped/>
  </testcase>
  <testcase name="setUp" classname="com.amaxinsurance.testcases.RentersQuotePageTitleTest" time="0">
    <failure type="java.lang.NullPointerException">java.lang.NullPointerException
	at com.amaxinsurance.testcases.RentersQuotePageTitleTest.setUp(RentersQuotePageTitleTest.java:17)
</failure>
  </testcase>
  <testcase name="verifyRentersQuotepageTitleTest" classname="com.amaxinsurance.testcases.RentersQuotePageTitleTest" time="0">
    <skipped/>
  </testcase>
  <testcase name="tearDown" classname="com.amaxinsurance.testcases.RentersQuotePageTitleTest" time="0">
    <skipped/>
  </testcase>
  <testcase name="setUp" classname="com.amaxinsurance.testcases.RVQuotePageTitleTest" time="0.001">
    <failure type="java.lang.NullPointerException">java.lang.NullPointerException
	at com.amaxinsurance.testcases.RVQuotePageTitleTest.setUp(RVQuotePageTitleTest.java:16)
</failure>
  </testcase>
  <testcase name="verifyRVQuotePageTitleTest" classname="com.amaxinsurance.testcases.RVQuotePageTitleTest" time="0">
    <skipped/>
  </testcase>
  <testcase name="tearDown" classname="com.amaxinsurance.testcases.RVQuotePageTitleTest" time="0">
    <skipped/>
  </testcase>
  <testcase name="setUp" classname="com.amaxinsurance.testcases.Sr22QuotePageTitleTest" time="0.001">
    <failure type="java.lang.NullPointerException">java.lang.NullPointerException
	at com.amaxinsurance.testcases.Sr22QuotePageTitleTest.setUp(Sr22QuotePageTitleTest.java:17)
</failure>
  </testcase>
  <testcase name="verifySr22QuotePageTitleTest" classname="com.amaxinsurance.testcases.Sr22QuotePageTitleTest" time="0">
    <skipped/>
  </testcase>
  <testcase name="tearDown" classname="com.amaxinsurance.testcases.Sr22QuotePageTitleTest" time="0">
    <skipped/>
  </testcase>
  <testcase name="setUp" classname="com.amaxinsurance.testcases.SuretyBondQuotePageTitleTest" time="0.001">
    <failure type="java.lang.NullPointerException">java.lang.NullPointerException
	at com.amaxinsurance.testcases.SuretyBondQuotePageTitleTest.setUp(SuretyBondQuotePageTitleTest.java:17)
</failure>
  </testcase>
  <testcase name="verifySuretyBondQuotePageTitleTest" classname="com.amaxinsurance.testcases.SuretyBondQuotePageTitleTest" time="0">
    <skipped/>
  </testcase>
  <testcase name="tearDown" classname="com.amaxinsurance.testcases.SuretyBondQuotePageTitleTest" time="0">
    <skipped/>
  </testcase>
  <testcase name="setUp" classname="com.audit.amaxinsurance.testcases.UnderwritinPortalLogInTest" time="0.005">
    <failure message="The driver executable does not exist: C:\browserdrivers\chromedriver.exe" type="java.lang.IllegalStateException">java.lang.IllegalStateException: The driver executable does not exist: C:\browserdrivers\chromedriver.exe
	at com.audit.amaxinsurance.testcases.UnderwritinPortalLogInTest.setUp(UnderwritinPortalLogInTest.java:23)
</failure>
  </testcase>
  <testcase name="setUp" classname="com.audit.amaxinsurance.testcases.UnderwritinPortalLogInTest" time="0">
    <skipped/>
  </testcase>
  <testcase name="checkUnderWritingPageTitleTest" classname="com.audit.amaxinsurance.testcases.UnderwritinPortalLogInTest" time="0">
    <skipped message="The driver executable does not exist: C:\browserdrivers\chromedriver.exe"/>
  </testcase>
  <testcase name="tearDown" classname="com.audit.amaxinsurance.testcases.UnderwritinPortalLogInTest" time="0">
    <skipped/>
  </testcase>
  <testcase name="tearDown" classname="com.audit.amaxinsurance.testcases.UnderwritinPortalLogInTest" time="0">
    <skipped/>
  </testcase>
  <testcase name="loginUnderWritingPortalTest" classname="com.audit.amaxinsurance.testcases.UnderwritinPortalLogInTest" time="0">
    <skipped message="The driver executable does not exist: C:\browserdrivers\chromedriver.exe"/>
  </testcase>
  <testcase name="setUp" classname="com.ilead.amaxinsurance.testcases.AgentLoginPageTest" time="0.005">
    <failure message="The driver executable does not exist: C:\browserdrivers\chromedriver.exe" type="java.lang.IllegalStateException">java.lang.IllegalStateException: The driver executable does not exist: C:\browserdrivers\chromedriver.exe
	at com.ilead.amaxinsurance.testcases.AgentLoginPageTest.setUp(AgentLoginPageTest.java:21)
</failure>
  </testcase>
  <testcase name="setUp" classname="com.ilead.amaxinsurance.testcases.AgentLoginPageTest" time="0">
    <skipped/>
  </testcase>
  <testcase name="verifyIleadAgentPageTitleTest" classname="com.ilead.amaxinsurance.testcases.AgentLoginPageTest" time="0">
    <skipped message="The driver executable does not exist: C:\browserdrivers\chromedriver.exe"/>
  </testcase>
  <testcase name="tearDown" classname="com.ilead.amaxinsurance.testcases.AgentLoginPageTest" time="0">
    <skipped/>
  </testcase>
  <testcase name="tearDown" classname="com.ilead.amaxinsurance.testcases.AgentLoginPageTest" time="0">
    <skipped/>
  </testcase>
  <testcase name="verifyIleadLoginPageTitleTest" classname="com.ilead.amaxinsurance.testcases.AgentLoginPageTest" time="0">
    <skipped message="The driver executable does not exist: C:\browserdrivers\chromedriver.exe"/>
  </testcase>
  <testcase name="setUp" classname="com.licensing.amaxinsurance.testcases.VerifyLoginsTests" time="0.005">
    <failure message="The driver executable does not exist: C:\browserdrivers\chromedriver.exe" type="java.lang.IllegalStateException">java.lang.IllegalStateException: The driver executable does not exist: C:\browserdrivers\chromedriver.exe
	at com.licensing.amaxinsurance.testcases.VerifyLoginsTests.setUp(VerifyLoginsTests.java:26)
</failure>
  </testcase>
  <testcase name="setUp" classname="com.licensing.amaxinsurance.testcases.VerifyLoginsTests" time="0">
    <skipped/>
  </testcase>
  <testcase name="setUp" classname="com.licensing.amaxinsurance.testcases.VerifyLoginsTests" time="0">
    <skipped/>
  </testcase>
  <testcase name="setUp" classname="com.licensing.amaxinsurance.testcases.VerifyLoginsTests" time="0">
    <skipped/>
  </testcase>
  <testcase name="loginAgentTest" classname="com.licensing.amaxinsurance.testcases.VerifyLoginsTests" time="0">
    <skipped message="The driver executable does not exist: C:\browserdrivers\chromedriver.exe"/>
  </testcase>
  <testcase name="tearDown" classname="com.licensing.amaxinsurance.testcases.VerifyLoginsTests" time="0">
    <skipped/>
  </testcase>
  <testcase name="tearDown" classname="com.licensing.amaxinsurance.testcases.VerifyLoginsTests" time="0">
    <skipped/>
  </testcase>
  <testcase name="tearDown" classname="com.licensing.amaxinsurance.testcases.VerifyLoginsTests" time="0">
    <skipped/>
  </testcase>
  <testcase name="tearDown" classname="com.licensing.amaxinsurance.testcases.VerifyLoginsTests" time="0">
    <skipped/>
  </testcase>
  <testcase name="loginHRTest" classname="com.licensing.amaxinsurance.testcases.VerifyLoginsTests" time="0">
    <skipped message="The driver executable does not exist: C:\browserdrivers\chromedriver.exe"/>
  </testcase>
  <testcase name="loginLDTest" classname="com.licensing.amaxinsurance.testcases.VerifyLoginsTests" time="0">
    <skipped message="The driver executable does not exist: C:\browserdrivers\chromedriver.exe"/>
  </testcase>
  <testcase name="loginSystemAdminTest" classname="com.licensing.amaxinsurance.testcases.VerifyLoginsTests" time="0">
    <skipped message="The driver executable does not exist: C:\browserdrivers\chromedriver.exe"/>
  </testcase>
  <testcase name="setUp" classname="com.powerbi.amaxinsurance.testcases.MaxBiUpAndRunningTest" time="0.005">
    <failure message="The driver executable does not exist: C:\browserdrivers\chromedriver.exe" type="java.lang.IllegalStateException">java.lang.IllegalStateException: The driver executable does not exist: C:\browserdrivers\chromedriver.exe
	at com.powerbi.amaxinsurance.testcases.MaxBiUpAndRunningTest.setUp(MaxBiUpAndRunningTest.java:23)
</failure>
  </testcase>
  <testcase name="setUp" classname="com.powerbi.amaxinsurance.testcases.MaxBiUpAndRunningTest" time="0">
    <skipped/>
  </testcase>
  <testcase name="verifyLiveDataUpAndRunningTest" classname="com.powerbi.amaxinsurance.testcases.MaxBiUpAndRunningTest" time="0">
    <skipped message="The driver executable does not exist: C:\browserdrivers\chromedriver.exe"/>
  </testcase>
  <testcase name="tearDown" classname="com.powerbi.amaxinsurance.testcases.MaxBiUpAndRunningTest" time="0">
    <skipped/>
  </testcase>
  <testcase name="tearDown" classname="com.powerbi.amaxinsurance.testcases.MaxBiUpAndRunningTest" time="0">
    <skipped/>
  </testcase>
  <testcase name="verifyLogInTest" classname="com.powerbi.amaxinsurance.testcases.MaxBiUpAndRunningTest" time="0">
    <skipped message="The driver executable does not exist: C:\browserdrivers\chromedriver.exe"/>
  </testcase>
  <testcase name="setUp" classname="com.quote.amaxinsurance.testcases.GetQuoteDriversLicenseInputTest" time="0.001">
    <failure type="java.lang.NullPointerException">java.lang.NullPointerException
	at com.quote.amaxinsurance.testcases.GetQuoteDriversLicenseInputTest.setUp(GetQuoteDriversLicenseInputTest.java:20)
</failure>
  </testcase>
  <testcase name="getQuoteWithDriversLicenseTest" classname="com.quote.amaxinsurance.testcases.GetQuoteDriversLicenseInputTest" time="0">
    <skipped/>
  </testcase>
  <testcase name="tearDown" classname="com.quote.amaxinsurance.testcases.GetQuoteDriversLicenseInputTest" time="0">
    <skipped/>
  </testcase>
  <testcase name="setUp" classname="com.quote.amaxinsurance.testcases.GetQuoteManuallyTest" time="0.001">
    <failure type="java.lang.NullPointerException">java.lang.NullPointerException
	at com.quote.amaxinsurance.testcases.GetQuoteManuallyTest.setUp(GetQuoteManuallyTest.java:20)
</failure>
  </testcase>
  <testcase name="getQuoteManuallyTest" classname="com.quote.amaxinsurance.testcases.GetQuoteManuallyTest" time="0">
    <skipped/>
  </testcase>
  <testcase name="tearDown" classname="com.quote.amaxinsurance.testcases.GetQuoteManuallyTest" time="0">
    <skipped/>
  </testcase>
  <testcase name="setUp" classname="com.ref.amaxinsurance.winback.testcases.PageTitleTest" time="0.005">
    <failure message="The driver executable does not exist: C:\browserdrivers\chromedriver.exe" type="java.lang.IllegalStateException">java.lang.IllegalStateException: The driver executable does not exist: C:\browserdrivers\chromedriver.exe
	at com.ref.amaxinsurance.winback.testcases.PageTitleTest.setUp(PageTitleTest.java:21)
</failure>
  </testcase>
  <testcase name="pageTitleWinbackTest" classname="com.ref.amaxinsurance.winback.testcases.PageTitleTest" time="0">
    <skipped message="The driver executable does not exist: C:\browserdrivers\chromedriver.exe"/>
  </testcase>
  <testcase name="tearDown" classname="com.ref.amaxinsurance.winback.testcases.PageTitleTest" time="0">
    <skipped/>
  </testcase>
</testsuite>